# JRE version: Java(TM) SE Runtime Environment (8.0_172-b11) (build 1.8.0_172-b11)
# Java VM: Java HotSpot(TM) Client VM (25.172-b11 mixed mode, sharing windows-x86 )
Heap:
 def new generation   total 4928K, used 1179K [0x04800000, 0x04d50000, 0x09d50000)
  eden space 4416K,  16% used [0x04800000, 0x048b5328, 0x04c50000)
  from space 512K,  88% used [0x04cd0000, 0x04d41bf0, 0x04d50000)
  to   space 512K,   0% used [0x04c50000, 0x04c50000, 0x04cd0000)
 tenured generation   total 10944K, used 10596K [0x09d50000, 0x0a800000, 0x14800000)
   the space 10944K,  96% used [0x09d50000, 0x0a7a91c0, 0x0a7a9200, 0x0a800000)
 Metaspace       used 9560K, capacity 10907K, committed 11008K, reserved 11648K
GC Heap History (10 events):
Event: 3.486 GC heap before
{Heap before GC invocations=8 (full 0):
 def new generation   total 4928K, used 4817K [0x04800000, 0x04d50000, 0x09d50000)
  eden space 4416K, 100% used [0x04800000, 0x04c50000, 0x04c50000)
  from space 512K,  78% used [0x04c50000, 0x04cb4418, 0x04cd0000)
  to   space 512K,   0% used [0x04cd0000, 0x04cd0000, 0x04d50000)
 tenured generation   total 10944K, used 5886K [0x09d50000, 0x0a800000, 0x14800000)
   the space 10944K,  53% used [0x09d50000, 0x0a30faf8, 0x0a30fc00, 0x0a800000)
 Metaspace       used 8272K, capacity 9573K, committed 9600K, reserved 9600K
Event: 3.492 GC heap after
Heap after GC invocations=9 (full 0):
 def new generation   total 4928K, used 452K [0x04800000, 0x04d50000, 0x09d50000)
  eden space 4416K,   0% used [0x04800000, 0x04800000, 0x04c50000)
  from space 512K,  88% used [0x04cd0000, 0x04d413c0, 0x04d50000)
  to   space 512K,   0% used [0x04c50000, 0x04c50000, 0x04cd0000)
 tenured generation   total 10944K, used 6239K [0x09d50000, 0x0a800000, 0x14800000)
   the space 10944K,  57% used [0x09d50000, 0x0a367fe0, 0x0a368000, 0x0a800000)
 Metaspace       used 8272K, capacity 9573K, committed 9600K, reserved 9600K
}
Event: 3.603 GC heap before
{Heap before GC invocations=9 (full 0):
 def new generation   total 4928K, used 4868K [0x04800000, 0x04d50000, 0x09d50000)
  eden space 4416K, 100% used [0x04800000, 0x04c50000, 0x04c50000)
  from space 512K,  88% used [0x04cd0000, 0x04d413c0, 0x04d50000)
  to   space 512K,   0% used [0x04c50000, 0x04c50000, 0x04cd0000)
 tenured generation   total 10944K, used 6239K [0x09d50000, 0x0a800000, 0x14800000)
   the space 10944K,  57% used [0x09d50000, 0x0a367fe0, 0x0a368000, 0x0a800000)
 Metaspace       used 8450K, capacity 9786K, committed 9856K, reserved 10624K
Event: 3.607 GC heap after
Heap after GC invocations=10 (full 0):
 def new generation   total 4928K, used 460K [0x04800000, 0x04d50000, 0x09d50000)
  eden space 4416K,   0% used [0x04800000, 0x04800000, 0x04c50000)
  from space 512K,  90% used [0x04c50000, 0x04cc33d8, 0x04cd0000)
  to   space 512K,   0% used [0x04cd0000, 0x04cd0000, 0x04d50000)
 tenured generation   total 10944K, used 6550K [0x09d50000, 0x0a800000, 0x14800000)
   the space 10944K,  59% used [0x09d50000, 0x0a3b59e8, 0x0a3b5a00, 0x0a800000)
 Metaspace       used 8450K, capacity 9786K, committed 9856K, reserved 10624K
}
Event: 3.719 GC heap before
{Heap before GC invocations=10 (full 0):
 def new generation   total 4928K, used 4876K [0x04800000, 0x04d50000, 0x09d50000)
  eden space 4416K, 100% used [0x04800000, 0x04c50000, 0x04c50000)
  from space 512K,  90% used [0x04c50000, 0x04cc33d8, 0x04cd0000)
  to   space 512K,   0% used [0x04cd0000, 0x04cd0000, 0x04d50000)
 tenured generation   total 10944K, used 6550K [0x09d50000, 0x0a800000, 0x14800000)
   the space 10944K,  59% used [0x09d50000, 0x0a3b59e8, 0x0a3b5a00, 0x0a800000)
 Metaspace       used 8969K, capacity 10344K, committed 10368K, reserved 10624K
Event: 3.723 GC heap after
Heap after GC invocations=11 (full 0):
 def new generation   total 4928K, used 512K [0x04800000, 0x04d50000, 0x09d50000)
  eden space 4416K,   0% used [0x04800000, 0x04800000, 0x04c50000)
  from space 512K, 100% used [0x04cd0000, 0x04d50000, 0x04d50000)
  to   space 512K,   0% used [0x04c50000, 0x04c50000, 0x04cd0000)
 tenured generation   total 10944K, used 7023K [0x09d50000, 0x0a800000, 0x14800000)
   the space 10944K,  64% used [0x09d50000, 0x0a42bc30, 0x0a42be00, 0x0a800000)
 Metaspace       used 8969K, capacity 10344K, committed 10368K, reserved 10624K
}
Event: 3.798 GC heap before
{Heap before GC invocations=11 (full 0):
 def new generation   total 4928K, used 4926K [0x04800000, 0x04d50000, 0x09d50000)
  eden space 4416K,  99% used [0x04800000, 0x04c4fac8, 0x04c50000)
  from space 512K, 100% used [0x04cd0000, 0x04d50000, 0x04d50000)
  to   space 512K,   0% used [0x04c50000, 0x04c50000, 0x04cd0000)
 tenured generation   total 10944K, used 7023K [0x09d50000, 0x0a800000, 0x14800000)
   the space 10944K,  64% used [0x09d50000, 0x0a42bc30, 0x0a42be00, 0x0a800000)
 Metaspace       used 9239K, capacity 10621K, committed 10624K, reserved 10624K
Event: 3.803 GC heap after
Heap after GC invocations=12 (full 0):
 def new generation   total 4928K, used 133K [0x04800000, 0x04d50000, 0x09d50000)
  eden space 4416K,   0% used [0x04800000, 0x04800000, 0x04c50000)
  from space 512K,  25% used [0x04c50000, 0x04c71418, 0x04cd0000)
  to   space 512K,   0% used [0x04cd0000, 0x04cd0000, 0x04d50000)
 tenured generation   total 10944K, used 10596K [0x09d50000, 0x0a800000, 0x14800000)
   the space 10944K,  96% used [0x09d50000, 0x0a7a91c0, 0x0a7a9200, 0x0a800000)
 Metaspace       used 9239K, capacity 10621K, committed 10624K, reserved 10624K
}
Event: 21.737 GC heap before
{Heap before GC invocations=12 (full 0):
 def new generation   total 4928K, used 4549K [0x04800000, 0x04d50000, 0x09d50000)
  eden space 4416K, 100% used [0x04800000, 0x04c50000, 0x04c50000)
  from space 512K,  25% used [0x04c50000, 0x04c71418, 0x04cd0000)
  to   space 512K,   0% used [0x04cd0000, 0x04cd0000, 0x04d50000)
 tenured generation   total 10944K, used 10596K [0x09d50000, 0x0a800000, 0x14800000)
   the space 10944K,  96% used [0x09d50000, 0x0a7a91c0, 0x0a7a9200, 0x0a800000)
 Metaspace       used 9550K, capacity 10889K, committed 11008K, reserved 11648K
Event: 21.740 GC heap after
Heap after GC invocations=13 (full 0):
 def new generation   total 4928K, used 454K [0x04800000, 0x04d50000, 0x09d50000)
  eden space 4416K,   0% used [0x04800000, 0x04800000, 0x04c50000)
  from space 512K,  88% used [0x04cd0000, 0x04d41bf0, 0x04d50000)
  to   space 512K,   0% used [0x04c50000, 0x04c50000, 0x04cd0000)
 tenured generation   total 10944K, used 10596K [0x09d50000, 0x0a800000, 0x14800000)
   the space 10944K,  96% used [0x09d50000, 0x0a7a91c0, 0x0a7a9200, 0x0a800000)
 Metaspace       used 9550K, capacity 10889K, committed 11008K, reserved 11648K
}

