# JRE version: Java(TM) SE Runtime Environment (8.0_172-b11) (build 1.8.0_172-b11)
# Java VM: Java HotSpot(TM) Client VM (25.172-b11 mixed mode, sharing windows-x86 )
Heap:
 def new generation   total 8448K, used 524K [0x04800000, 0x05120000, 0x09d50000)
  eden space 7552K,   6% used [0x04800000, 0x048831c8, 0x04f60000)
  from space 896K,   0% used [0x04f60000, 0x04f60000, 0x05040000)
  to   space 896K,   0% used [0x05040000, 0x05040000, 0x05120000)
 tenured generation   total 18576K, used 11144K [0x09d50000, 0x0af74000, 0x14800000)
   the space 18576K,  59% used [0x09d50000, 0x0a832388, 0x0a832400, 0x0af74000)
 Metaspace       used 9780K, capacity 11047K, committed 11136K, reserved 11648K
GC Heap History (10 events):
Event: 3.936 GC heap before
{Heap before GC invocations=9 (full 0):
 def new generation   total 4928K, used 4893K [0x04800000, 0x04d50000, 0x09d50000)
  eden space 4416K, 100% used [0x04800000, 0x04c50000, 0x04c50000)
  from space 512K,  93% used [0x04cd0000, 0x04d477a8, 0x04d50000)
  to   space 512K,   0% used [0x04c50000, 0x04c50000, 0x04cd0000)
 tenured generation   total 10944K, used 6233K [0x09d50000, 0x0a800000, 0x14800000)
   the space 10944K,  56% used [0x09d50000, 0x0a3667a8, 0x0a366800, 0x0a800000)
 Metaspace       used 8451K, capacity 9786K, committed 9856K, reserved 10624K
Event: 3.940 GC heap after
Heap after GC invocations=10 (full 0):
 def new generation   total 4928K, used 438K [0x04800000, 0x04d50000, 0x09d50000)
  eden space 4416K,   0% used [0x04800000, 0x04800000, 0x04c50000)
  from space 512K,  85% used [0x04c50000, 0x04cbd998, 0x04cd0000)
  to   space 512K,   0% used [0x04cd0000, 0x04cd0000, 0x04d50000)
 tenured generation   total 10944K, used 6568K [0x09d50000, 0x0a800000, 0x14800000)
   the space 10944K,  60% used [0x09d50000, 0x0a3ba310, 0x0a3ba400, 0x0a800000)
 Metaspace       used 8451K, capacity 9786K, committed 9856K, reserved 10624K
}
Event: 4.056 GC heap before
{Heap before GC invocations=10 (full 0):
 def new generation   total 4928K, used 4854K [0x04800000, 0x04d50000, 0x09d50000)
  eden space 4416K, 100% used [0x04800000, 0x04c50000, 0x04c50000)
  from space 512K,  85% used [0x04c50000, 0x04cbd998, 0x04cd0000)
  to   space 512K,   0% used [0x04cd0000, 0x04cd0000, 0x04d50000)
 tenured generation   total 10944K, used 6568K [0x09d50000, 0x0a800000, 0x14800000)
   the space 10944K,  60% used [0x09d50000, 0x0a3ba310, 0x0a3ba400, 0x0a800000)
 Metaspace       used 8980K, capacity 10359K, committed 10368K, reserved 10624K
Event: 4.061 GC heap after
Heap after GC invocations=11 (full 0):
 def new generation   total 4928K, used 512K [0x04800000, 0x04d50000, 0x09d50000)
  eden space 4416K,   0% used [0x04800000, 0x04800000, 0x04c50000)
  from space 512K, 100% used [0x04cd0000, 0x04d50000, 0x04d50000)
  to   space 512K,   0% used [0x04c50000, 0x04c50000, 0x04cd0000)
 tenured generation   total 10944K, used 7032K [0x09d50000, 0x0a800000, 0x14800000)
   the space 10944K,  64% used [0x09d50000, 0x0a42e338, 0x0a42e400, 0x0a800000)
 Metaspace       used 8980K, capacity 10359K, committed 10368K, reserved 10624K
}
Event: 4.550 GC heap before
{Heap before GC invocations=11 (full 0):
 def new generation   total 4928K, used 4927K [0x04800000, 0x04d50000, 0x09d50000)
  eden space 4416K,  99% used [0x04800000, 0x04c4fff0, 0x04c50000)
  from space 512K, 100% used [0x04cd0000, 0x04d50000, 0x04d50000)
  to   space 512K,   0% used [0x04c50000, 0x04c50000, 0x04cd0000)
 tenured generation   total 10944K, used 7032K [0x09d50000, 0x0a800000, 0x14800000)
   the space 10944K,  64% used [0x09d50000, 0x0a42e338, 0x0a42e400, 0x0a800000)
 Metaspace       used 9244K, capacity 10621K, committed 10624K, reserved 10624K
Event: 4.562 GC heap after
Heap after GC invocations=12 (full 0):
 def new generation   total 4928K, used 126K [0x04800000, 0x04d50000, 0x09d50000)
  eden space 4416K,   0% used [0x04800000, 0x04800000, 0x04c50000)
  from space 512K,  24% used [0x04c50000, 0x04c6fb30, 0x04cd0000)
  to   space 512K,   0% used [0x04cd0000, 0x04cd0000, 0x04d50000)
 tenured generation   total 10944K, used 10593K [0x09d50000, 0x0a800000, 0x14800000)
   the space 10944K,  96% used [0x09d50000, 0x0a7a8570, 0x0a7a8600, 0x0a800000)
 Metaspace       used 9244K, capacity 10621K, committed 10624K, reserved 10624K
}
Event: 15.173 GC heap before
{Heap before GC invocations=12 (full 0):
 def new generation   total 4928K, used 4542K [0x04800000, 0x04d50000, 0x09d50000)
  eden space 4416K, 100% used [0x04800000, 0x04c50000, 0x04c50000)
  from space 512K,  24% used [0x04c50000, 0x04c6fb30, 0x04cd0000)
  to   space 512K,   0% used [0x04cd0000, 0x04cd0000, 0x04d50000)
 tenured generation   total 10944K, used 10593K [0x09d50000, 0x0a800000, 0x14800000)
   the space 10944K,  96% used [0x09d50000, 0x0a7a8570, 0x0a7a8600, 0x0a800000)
 Metaspace       used 9599K, capacity 10951K, committed 11008K, reserved 11648K
Event: 15.181 GC heap after
Heap after GC invocations=13 (full 0):
 def new generation   total 4928K, used 512K [0x04800000, 0x04d50000, 0x09d50000)
  eden space 4416K,   0% used [0x04800000, 0x04800000, 0x04c50000)
  from space 512K, 100% used [0x04cd0000, 0x04d50000, 0x04d50000)
  to   space 512K,   0% used [0x04c50000, 0x04c50000, 0x04cd0000)
 tenured generation   total 10944K, used 10686K [0x09d50000, 0x0a800000, 0x14800000)
   the space 10944K,  97% used [0x09d50000, 0x0a7bfa50, 0x0a7bfc00, 0x0a800000)
 Metaspace       used 9599K, capacity 10951K, committed 11008K, reserved 11648K
}
Event: 976.818 GC heap before
{Heap before GC invocations=13 (full 0):
 def new generation   total 4928K, used 4928K [0x04800000, 0x04d50000, 0x09d50000)
  eden space 4416K, 100% used [0x04800000, 0x04c50000, 0x04c50000)
  from space 512K, 100% used [0x04cd0000, 0x04d50000, 0x04d50000)
  to   space 512K,   0% used [0x04c50000, 0x04c50000, 0x04cd0000)
 tenured generation   total 10944K, used 10686K [0x09d50000, 0x0a800000, 0x14800000)
   the space 10944K,  97% used [0x09d50000, 0x0a7bfa50, 0x0a7bfc00, 0x0a800000)
 Metaspace       used 9804K, capacity 11085K, committed 11136K, reserved 11648K
Event: 976.866 GC heap after
Heap after GC invocations=14 (full 1):
 def new generation   total 8448K, used 0K [0x04800000, 0x05120000, 0x09d50000)
  eden space 7552K,   0% used [0x04800000, 0x04800000, 0x04f60000)
  from space 896K,   0% used [0x04f60000, 0x04f60000, 0x05040000)
  to   space 896K,   0% used [0x05040000, 0x05040000, 0x05120000)
 tenured generation   total 18576K, used 11144K [0x09d50000, 0x0af74000, 0x14800000)
   the space 18576K,  59% used [0x09d50000, 0x0a832388, 0x0a832400, 0x0af74000)
 Metaspace       used 9773K, capacity 11035K, committed 11136K, reserved 11648K
}

