# JRE version: Java(TM) SE Runtime Environment (8.0_172-b11) (build 1.8.0_172-b11)
# Java VM: Java HotSpot(TM) Client VM (25.172-b11 mixed mode windows-x86 )
Heap:
 def new generation   total 5248K, used 4941K [0x05400000, 0x059b0000, 0x0a950000)
  eden space 4672K, 100% used [0x05400000, 0x05890000, 0x05890000)
  from space 576K,  46% used [0x05890000, 0x058d3620, 0x05920000)
  to   space 576K,   0% used [0x05920000, 0x05920000, 0x059b0000)
 tenured generation   total 11588K, used 9452K [0x0a950000, 0x0b4a1000, 0x15400000)
   the space 11588K,  81% used [0x0a950000, 0x0b28b098, 0x0b28b200, 0x0b4a1000)
 Metaspace       used 12998K, capacity 13694K, committed 13696K, reserved 13696K
GC Heap History (10 events):
Event: 3.661 GC heap before
{Heap before GC invocations=7 (full 0):
 def new generation   total 4928K, used 4928K [0x05400000, 0x05950000, 0x0a950000)
  eden space 4416K, 100% used [0x05400000, 0x05850000, 0x05850000)
  from space 512K, 100% used [0x058d0000, 0x05950000, 0x05950000)
  to   space 512K,   0% used [0x05850000, 0x05850000, 0x058d0000)
 tenured generation   total 10944K, used 5374K [0x0a950000, 0x0b400000, 0x15400000)
   the space 10944K,  49% used [0x0a950000, 0x0ae8fad8, 0x0ae8fc00, 0x0b400000)
 Metaspace       used 11122K, capacity 11619K, committed 11648K, reserved 11648K
Event: 3.665 GC heap after
Heap after GC invocations=8 (full 0):
 def new generation   total 4928K, used 400K [0x05400000, 0x05950000, 0x0a950000)
  eden space 4416K,   0% used [0x05400000, 0x05400000, 0x05850000)
  from space 512K,  78% used [0x05850000, 0x058b4360, 0x058d0000)
  to   space 512K,   0% used [0x058d0000, 0x058d0000, 0x05950000)
 tenured generation   total 10944K, used 5881K [0x0a950000, 0x0b400000, 0x15400000)
   the space 10944K,  53% used [0x0a950000, 0x0af0e6f0, 0x0af0e800, 0x0b400000)
 Metaspace       used 11122K, capacity 11619K, committed 11648K, reserved 11648K
}
Event: 3.783 GC heap before
{Heap before GC invocations=8 (full 0):
 def new generation   total 4928K, used 4816K [0x05400000, 0x05950000, 0x0a950000)
  eden space 4416K, 100% used [0x05400000, 0x05850000, 0x05850000)
  from space 512K,  78% used [0x05850000, 0x058b4360, 0x058d0000)
  to   space 512K,   0% used [0x058d0000, 0x058d0000, 0x05950000)
 tenured generation   total 10944K, used 5881K [0x0a950000, 0x0b400000, 0x15400000)
   the space 10944K,  53% used [0x0a950000, 0x0af0e6f0, 0x0af0e800, 0x0b400000)
 Metaspace       used 11740K, capacity 12267K, committed 12288K, reserved 12672K
Event: 3.788 GC heap after
Heap after GC invocations=9 (full 0):
 def new generation   total 4928K, used 453K [0x05400000, 0x05950000, 0x0a950000)
  eden space 4416K,   0% used [0x05400000, 0x05400000, 0x05850000)
  from space 512K,  88% used [0x058d0000, 0x05941410, 0x05950000)
  to   space 512K,   0% used [0x05850000, 0x05850000, 0x058d0000)
 tenured generation   total 10944K, used 6234K [0x0a950000, 0x0b400000, 0x15400000)
   the space 10944K,  56% used [0x0a950000, 0x0af66bb8, 0x0af66c00, 0x0b400000)
 Metaspace       used 11740K, capacity 12267K, committed 12288K, reserved 12672K
}
Event: 3.832 GC heap before
{Heap before GC invocations=9 (full 0):
 def new generation   total 4928K, used 3594K [0x05400000, 0x05950000, 0x0a950000)
  eden space 4416K,  71% used [0x05400000, 0x057114f0, 0x05850000)
  from space 512K,  88% used [0x058d0000, 0x05941410, 0x05950000)
  to   space 512K,   0% used [0x05850000, 0x05850000, 0x058d0000)
 tenured generation   total 10944K, used 6234K [0x0a950000, 0x0b400000, 0x15400000)
   the space 10944K,  56% used [0x0a950000, 0x0af66bb8, 0x0af66c00, 0x0b400000)
 Metaspace       used 11773K, capacity 12267K, committed 12288K, reserved 12672K
Event: 3.852 GC heap after
Heap after GC invocations=10 (full 1):
 def new generation   total 5248K, used 0K [0x05400000, 0x059b0000, 0x0a950000)
  eden space 4672K,   0% used [0x05400000, 0x05400000, 0x05890000)
  from space 576K,   0% used [0x05890000, 0x05890000, 0x05920000)
  to   space 576K,   0% used [0x05920000, 0x05920000, 0x059b0000)
 tenured generation   total 11588K, used 6950K [0x0a950000, 0x0b4a1000, 0x15400000)
   the space 11588K,  59% used [0x0a950000, 0x0b019ac0, 0x0b019c00, 0x0b4a1000)
 Metaspace       used 11773K, capacity 12267K, committed 12288K, reserved 12672K
}
Event: 3.946 GC heap before
{Heap before GC invocations=10 (full 1):
 def new generation   total 5248K, used 4672K [0x05400000, 0x059b0000, 0x0a950000)
  eden space 4672K, 100% used [0x05400000, 0x05890000, 0x05890000)
  from space 576K,   0% used [0x05890000, 0x05890000, 0x05920000)
  to   space 576K,   0% used [0x05920000, 0x05920000, 0x059b0000)
 tenured generation   total 11588K, used 6950K [0x0a950000, 0x0b4a1000, 0x15400000)
   the space 11588K,  59% used [0x0a950000, 0x0b019ac0, 0x0b019c00, 0x0b4a1000)
 Metaspace       used 12205K, capacity 12811K, committed 12928K, reserved 13696K
Event: 3.949 GC heap after
Heap after GC invocations=11 (full 1):
 def new generation   total 5248K, used 520K [0x05400000, 0x059b0000, 0x0a950000)
  eden space 4672K,   0% used [0x05400000, 0x05400000, 0x05890000)
  from space 576K,  90% used [0x05920000, 0x059a23b0, 0x059b0000)
  to   space 576K,   0% used [0x05890000, 0x05890000, 0x05920000)
 tenured generation   total 11588K, used 6950K [0x0a950000, 0x0b4a1000, 0x15400000)
   the space 11588K,  59% used [0x0a950000, 0x0b019ac0, 0x0b019c00, 0x0b4a1000)
 Metaspace       used 12205K, capacity 12811K, committed 12928K, reserved 13696K
}
Event: 4.033 GC heap before
{Heap before GC invocations=11 (full 1):
 def new generation   total 5248K, used 4452K [0x05400000, 0x059b0000, 0x0a950000)
  eden space 4672K,  84% used [0x05400000, 0x057d6de0, 0x05890000)
  from space 576K,  90% used [0x05920000, 0x059a23b0, 0x059b0000)
  to   space 576K,   0% used [0x05890000, 0x05890000, 0x05920000)
 tenured generation   total 11588K, used 6950K [0x0a950000, 0x0b4a1000, 0x15400000)
   the space 11588K,  59% used [0x0a950000, 0x0b019ac0, 0x0b019c00, 0x0b4a1000)
 Metaspace       used 12598K, capacity 13275K, committed 13312K, reserved 13696K
Event: 4.039 GC heap after
Heap after GC invocations=12 (full 1):
 def new generation   total 5248K, used 269K [0x05400000, 0x059b0000, 0x0a950000)
  eden space 4672K,   0% used [0x05400000, 0x05400000, 0x05890000)
  from space 576K,  46% used [0x05890000, 0x058d3620, 0x05920000)
  to   space 576K,   0% used [0x05920000, 0x05920000, 0x059b0000)
 tenured generation   total 11588K, used 9452K [0x0a950000, 0x0b4a1000, 0x15400000)
   the space 11588K,  81% used [0x0a950000, 0x0b28b098, 0x0b28b200, 0x0b4a1000)
 Metaspace       used 12598K, capacity 13275K, committed 13312K, reserved 13696K
}

