# JRE version: Java(TM) SE Runtime Environment (8.0_172-b11) (build 1.8.0_172-b11)
# Java VM: Java HotSpot(TM) Client VM (25.172-b11 mixed mode windows-x86 )
Heap:
 def new generation   total 5248K, used 1351K [0x05400000, 0x059b0000, 0x0a950000)
  eden space 4672K,  17% used [0x05400000, 0x054d1fe0, 0x05890000)
  from space 576K,  88% used [0x05890000, 0x0590fef0, 0x05920000)
  to   space 576K,   0% used [0x05920000, 0x05920000, 0x059b0000)
 tenured generation   total 11620K, used 11104K [0x0a950000, 0x0b4a9000, 0x15400000)
   the space 11620K,  95% used [0x0a950000, 0x0b428298, 0x0b428400, 0x0b4a9000)
 Metaspace       used 13449K, capacity 14173K, committed 14208K, reserved 14720K
GC Heap History (10 events):
Event: 3.684 GC heap before
{Heap before GC invocations=9 (full 0):
 def new generation   total 4928K, used 3570K [0x05400000, 0x05950000, 0x0a950000)
  eden space 4416K,  70% used [0x05400000, 0x0570b4e8, 0x05850000)
  from space 512K,  88% used [0x058d0000, 0x05941450, 0x05950000)
  to   space 512K,   0% used [0x05850000, 0x05850000, 0x058d0000)
 tenured generation   total 10944K, used 6255K [0x0a950000, 0x0b400000, 0x15400000)
   the space 10944K,  57% used [0x0a950000, 0x0af6bd38, 0x0af6be00, 0x0b400000)
 Metaspace       used 11773K, capacity 12267K, committed 12288K, reserved 12672K
Event: 3.704 GC heap after
Heap after GC invocations=10 (full 1):
 def new generation   total 5248K, used 0K [0x05400000, 0x059b0000, 0x0a950000)
  eden space 4672K,   0% used [0x05400000, 0x05400000, 0x05890000)
  from space 576K,   0% used [0x05890000, 0x05890000, 0x05920000)
  to   space 576K,   0% used [0x05920000, 0x05920000, 0x059b0000)
 tenured generation   total 11620K, used 6971K [0x0a950000, 0x0b4a9000, 0x15400000)
   the space 11620K,  59% used [0x0a950000, 0x0b01ec40, 0x0b01ee00, 0x0b4a9000)
 Metaspace       used 11773K, capacity 12267K, committed 12288K, reserved 12672K
}
Event: 3.801 GC heap before
{Heap before GC invocations=10 (full 1):
 def new generation   total 5248K, used 4672K [0x05400000, 0x059b0000, 0x0a950000)
  eden space 4672K, 100% used [0x05400000, 0x05890000, 0x05890000)
  from space 576K,   0% used [0x05890000, 0x05890000, 0x05920000)
  to   space 576K,   0% used [0x05920000, 0x05920000, 0x059b0000)
 tenured generation   total 11620K, used 6971K [0x0a950000, 0x0b4a9000, 0x15400000)
   the space 11620K,  59% used [0x0a950000, 0x0b01ec40, 0x0b01ee00, 0x0b4a9000)
 Metaspace       used 12205K, capacity 12811K, committed 12928K, reserved 13696K
Event: 3.804 GC heap after
Heap after GC invocations=11 (full 1):
 def new generation   total 5248K, used 521K [0x05400000, 0x059b0000, 0x0a950000)
  eden space 4672K,   0% used [0x05400000, 0x05400000, 0x05890000)
  from space 576K,  90% used [0x05920000, 0x059a2438, 0x059b0000)
  to   space 576K,   0% used [0x05890000, 0x05890000, 0x05920000)
 tenured generation   total 11620K, used 6971K [0x0a950000, 0x0b4a9000, 0x15400000)
   the space 11620K,  59% used [0x0a950000, 0x0b01ec40, 0x0b01ee00, 0x0b4a9000)
 Metaspace       used 12205K, capacity 12811K, committed 12928K, reserved 13696K
}
Event: 3.888 GC heap before
{Heap before GC invocations=11 (full 1):
 def new generation   total 5248K, used 4403K [0x05400000, 0x059b0000, 0x0a950000)
  eden space 4672K,  83% used [0x05400000, 0x057ca850, 0x05890000)
  from space 576K,  90% used [0x05920000, 0x059a2438, 0x059b0000)
  to   space 576K,   0% used [0x05890000, 0x05890000, 0x05920000)
 tenured generation   total 11620K, used 6971K [0x0a950000, 0x0b4a9000, 0x15400000)
   the space 11620K,  59% used [0x0a950000, 0x0b01ec40, 0x0b01ee00, 0x0b4a9000)
 Metaspace       used 12596K, capacity 13275K, committed 13312K, reserved 13696K
Event: 3.893 GC heap after
Heap after GC invocations=12 (full 1):
 def new generation   total 5248K, used 266K [0x05400000, 0x059b0000, 0x0a950000)
  eden space 4672K,   0% used [0x05400000, 0x05400000, 0x05890000)
  from space 576K,  46% used [0x05890000, 0x058d29a0, 0x05920000)
  to   space 576K,   0% used [0x05920000, 0x05920000, 0x059b0000)
 tenured generation   total 11620K, used 9472K [0x0a950000, 0x0b4a9000, 0x15400000)
   the space 11620K,  81% used [0x0a950000, 0x0b290290, 0x0b290400, 0x0b4a9000)
 Metaspace       used 12596K, capacity 13275K, committed 13312K, reserved 13696K
}
Event: 12.211 GC heap before
{Heap before GC invocations=12 (full 1):
 def new generation   total 5248K, used 4938K [0x05400000, 0x059b0000, 0x0a950000)
  eden space 4672K, 100% used [0x05400000, 0x05890000, 0x05890000)
  from space 576K,  46% used [0x05890000, 0x058d29a0, 0x05920000)
  to   space 576K,   0% used [0x05920000, 0x05920000, 0x059b0000)
 tenured generation   total 11620K, used 9472K [0x0a950000, 0x0b4a9000, 0x15400000)
   the space 11620K,  81% used [0x0a950000, 0x0b290290, 0x0b290400, 0x0b4a9000)
 Metaspace       used 12854K, capacity 13564K, committed 13568K, reserved 13696K
Event: 12.215 GC heap after
Heap after GC invocations=13 (full 1):
 def new generation   total 5248K, used 576K [0x05400000, 0x059b0000, 0x0a950000)
  eden space 4672K,   0% used [0x05400000, 0x05400000, 0x05890000)
  from space 576K, 100% used [0x05920000, 0x059b0000, 0x059b0000)
  to   space 576K,   0% used [0x05890000, 0x05890000, 0x05920000)
 tenured generation   total 11620K, used 10565K [0x0a950000, 0x0b4a9000, 0x15400000)
   the space 11620K,  90% used [0x0a950000, 0x0b3a1468, 0x0b3a1600, 0x0b4a9000)
 Metaspace       used 12854K, capacity 13564K, committed 13568K, reserved 13696K
}
Event: 23.329 GC heap before
{Heap before GC invocations=13 (full 1):
 def new generation   total 5248K, used 5248K [0x05400000, 0x059b0000, 0x0a950000)
  eden space 4672K, 100% used [0x05400000, 0x05890000, 0x05890000)
  from space 576K, 100% used [0x05920000, 0x059b0000, 0x059b0000)
  to   space 576K,   0% used [0x05890000, 0x05890000, 0x05920000)
 tenured generation   total 11620K, used 10565K [0x0a950000, 0x0b4a9000, 0x15400000)
   the space 11620K,  90% used [0x0a950000, 0x0b3a1468, 0x0b3a1600, 0x0b4a9000)
 Metaspace       used 13438K, capacity 14163K, committed 14208K, reserved 14720K
Event: 23.334 GC heap after
Heap after GC invocations=14 (full 1):
 def new generation   total 5248K, used 511K [0x05400000, 0x059b0000, 0x0a950000)
  eden space 4672K,   0% used [0x05400000, 0x05400000, 0x05890000)
  from space 576K,  88% used [0x05890000, 0x0590fef0, 0x05920000)
  to   space 576K,   0% used [0x05920000, 0x05920000, 0x059b0000)
 tenured generation   total 11620K, used 11104K [0x0a950000, 0x0b4a9000, 0x15400000)
   the space 11620K,  95% used [0x0a950000, 0x0b428298, 0x0b428400, 0x0b4a9000)
 Metaspace       used 13438K, capacity 14163K, committed 14208K, reserved 14720K
}

