# JRE version: Java(TM) SE Runtime Environment (8.0_172-b11) (build 1.8.0_172-b11)
# Java VM: Java HotSpot(TM) Client VM (25.172-b11 mixed mode windows-x86 )
Heap:
 def new generation   total 5248K, used 3631K [0x04e00000, 0x053b0000, 0x0a350000)
  eden space 4672K,  75% used [0x04e00000, 0x05174608, 0x05290000)
  from space 576K,  16% used [0x05290000, 0x052a76d8, 0x05320000)
  to   space 576K,   0% used [0x05320000, 0x05320000, 0x053b0000)
 tenured generation   total 11596K, used 11460K [0x0a350000, 0x0aea3000, 0x14e00000)
   the space 11596K,  98% used [0x0a350000, 0x0ae81240, 0x0ae81400, 0x0aea3000)
 Metaspace       used 13500K, capacity 14225K, committed 14336K, reserved 14720K
GC Heap History (10 events):
Event: 3.938 GC heap before
{Heap before GC invocations=11 (full 1):
 def new generation   total 5248K, used 4451K [0x04e00000, 0x053b0000, 0x0a350000)
  eden space 4672K,  84% used [0x04e00000, 0x051d6b00, 0x05290000)
  from space 576K,  90% used [0x05320000, 0x053a24b0, 0x053b0000)
  to   space 576K,   0% used [0x05290000, 0x05290000, 0x05320000)
 tenured generation   total 11596K, used 6957K [0x0a350000, 0x0aea3000, 0x14e00000)
   the space 11596K,  59% used [0x0a350000, 0x0aa1b5f0, 0x0aa1b600, 0x0aea3000)
 Metaspace       used 12596K, capacity 13275K, committed 13312K, reserved 13696K
Event: 3.944 GC heap after
Heap after GC invocations=12 (full 1):
 def new generation   total 5248K, used 266K [0x04e00000, 0x053b0000, 0x0a350000)
  eden space 4672K,   0% used [0x04e00000, 0x04e00000, 0x05290000)
  from space 576K,  46% used [0x05290000, 0x052d29c0, 0x05320000)
  to   space 576K,   0% used [0x05320000, 0x05320000, 0x053b0000)
 tenured generation   total 11596K, used 9459K [0x0a350000, 0x0aea3000, 0x14e00000)
   the space 11596K,  81% used [0x0a350000, 0x0ac8ccb8, 0x0ac8ce00, 0x0aea3000)
 Metaspace       used 12596K, capacity 13275K, committed 13312K, reserved 13696K
}
Event: 33.492 GC heap before
{Heap before GC invocations=12 (full 1):
 def new generation   total 5248K, used 4938K [0x04e00000, 0x053b0000, 0x0a350000)
  eden space 4672K, 100% used [0x04e00000, 0x05290000, 0x05290000)
  from space 576K,  46% used [0x05290000, 0x052d29c0, 0x05320000)
  to   space 576K,   0% used [0x05320000, 0x05320000, 0x053b0000)
 tenured generation   total 11596K, used 9459K [0x0a350000, 0x0aea3000, 0x14e00000)
   the space 11596K,  81% used [0x0a350000, 0x0ac8ccb8, 0x0ac8ce00, 0x0aea3000)
 Metaspace       used 12809K, capacity 13485K, committed 13568K, reserved 13696K
Event: 33.496 GC heap after
Heap after GC invocations=13 (full 1):
 def new generation   total 5248K, used 444K [0x04e00000, 0x053b0000, 0x0a350000)
  eden space 4672K,   0% used [0x04e00000, 0x04e00000, 0x05290000)
  from space 576K,  77% used [0x05320000, 0x0538f0e8, 0x053b0000)
  to   space 576K,   0% used [0x05290000, 0x05290000, 0x05320000)
 tenured generation   total 11596K, used 10483K [0x0a350000, 0x0aea3000, 0x14e00000)
   the space 11596K,  90% used [0x0a350000, 0x0ad8ccc8, 0x0ad8ce00, 0x0aea3000)
 Metaspace       used 12809K, capacity 13485K, committed 13568K, reserved 13696K
}
Event: 53.876 GC heap before
{Heap before GC invocations=13 (full 1):
 def new generation   total 5248K, used 5116K [0x04e00000, 0x053b0000, 0x0a350000)
  eden space 4672K, 100% used [0x04e00000, 0x05290000, 0x05290000)
  from space 576K,  77% used [0x05320000, 0x0538f0e8, 0x053b0000)
  to   space 576K,   0% used [0x05290000, 0x05290000, 0x05320000)
 tenured generation   total 11596K, used 10483K [0x0a350000, 0x0aea3000, 0x14e00000)
   the space 11596K,  90% used [0x0a350000, 0x0ad8ccc8, 0x0ad8ce00, 0x0aea3000)
 Metaspace       used 13066K, capacity 13749K, committed 13824K, reserved 14720K
Event: 53.886 GC heap after
Heap after GC invocations=14 (full 1):
 def new generation   total 5248K, used 553K [0x04e00000, 0x053b0000, 0x0a350000)
  eden space 4672K,   0% used [0x04e00000, 0x04e00000, 0x05290000)
  from space 576K,  96% used [0x05290000, 0x0531a6f0, 0x05320000)
  to   space 576K,   0% used [0x05320000, 0x05320000, 0x053b0000)
 tenured generation   total 11596K, used 10723K [0x0a350000, 0x0aea3000, 0x14e00000)
   the space 11596K,  92% used [0x0a350000, 0x0adc8f68, 0x0adc9000, 0x0aea3000)
 Metaspace       used 13066K, capacity 13749K, committed 13824K, reserved 14720K
}
Event: 89.284 GC heap before
{Heap before GC invocations=14 (full 1):
 def new generation   total 5248K, used 5225K [0x04e00000, 0x053b0000, 0x0a350000)
  eden space 4672K, 100% used [0x04e00000, 0x05290000, 0x05290000)
  from space 576K,  96% used [0x05290000, 0x0531a6f0, 0x05320000)
  to   space 576K,   0% used [0x05320000, 0x05320000, 0x053b0000)
 tenured generation   total 11596K, used 10723K [0x0a350000, 0x0aea3000, 0x14e00000)
   the space 11596K,  92% used [0x0a350000, 0x0adc8f68, 0x0adc9000, 0x0aea3000)
 Metaspace       used 13460K, capacity 14188K, committed 14208K, reserved 14720K
Event: 89.296 GC heap after
Heap after GC invocations=15 (full 1):
 def new generation   total 5248K, used 327K [0x04e00000, 0x053b0000, 0x0a350000)
  eden space 4672K,   0% used [0x04e00000, 0x04e00000, 0x05290000)
  from space 576K,  56% used [0x05320000, 0x05371c58, 0x053b0000)
  to   space 576K,   0% used [0x05290000, 0x05290000, 0x05320000)
 tenured generation   total 11596K, used 11188K [0x0a350000, 0x0aea3000, 0x14e00000)
   the space 11596K,  96% used [0x0a350000, 0x0ae3d118, 0x0ae3d200, 0x0aea3000)
 Metaspace       used 13460K, capacity 14188K, committed 14208K, reserved 14720K
}
Event: 137.221 GC heap before
{Heap before GC invocations=15 (full 1):
 def new generation   total 5248K, used 4999K [0x04e00000, 0x053b0000, 0x0a350000)
  eden space 4672K, 100% used [0x04e00000, 0x05290000, 0x05290000)
  from space 576K,  56% used [0x05320000, 0x05371c58, 0x053b0000)
  to   space 576K,   0% used [0x05290000, 0x05290000, 0x05320000)
 tenured generation   total 11596K, used 11188K [0x0a350000, 0x0aea3000, 0x14e00000)
   the space 11596K,  96% used [0x0a350000, 0x0ae3d118, 0x0ae3d200, 0x0aea3000)
 Metaspace       used 13478K, capacity 14218K, committed 14336K, reserved 14720K
Event: 137.229 GC heap after
Heap after GC invocations=16 (full 1):
 def new generation   total 5248K, used 93K [0x04e00000, 0x053b0000, 0x0a350000)
  eden space 4672K,   0% used [0x04e00000, 0x04e00000, 0x05290000)
  from space 576K,  16% used [0x05290000, 0x052a76d8, 0x05320000)
  to   space 576K,   0% used [0x05320000, 0x05320000, 0x053b0000)
 tenured generation   total 11596K, used 11460K [0x0a350000, 0x0aea3000, 0x14e00000)
   the space 11596K,  98% used [0x0a350000, 0x0ae81240, 0x0ae81400, 0x0aea3000)
 Metaspace       used 13478K, capacity 14218K, committed 14336K, reserved 14720K
}

