# JRE version: Java(TM) SE Runtime Environment (8.0_172-b11) (build 1.8.0_172-b11)
# Java VM: Java HotSpot(TM) Client VM (25.172-b11 mixed mode windows-x86 )
Heap:
 def new generation   total 5248K, used 3230K [0x04c00000, 0x051b0000, 0x0a150000)
  eden space 4672K,  58% used [0x04c00000, 0x04eb00c8, 0x05090000)
  from space 576K,  83% used [0x05120000, 0x05197928, 0x051b0000)
  to   space 576K,   0% used [0x05090000, 0x05090000, 0x05120000)
 tenured generation   total 11588K, used 10488K [0x0a150000, 0x0aca1000, 0x14c00000)
   the space 11588K,  90% used [0x0a150000, 0x0ab8e228, 0x0ab8e400, 0x0aca1000)
 Metaspace       used 13067K, capacity 13761K, committed 13824K, reserved 14720K
GC Heap History (10 events):
Event: 3.690 GC heap before
{Heap before GC invocations=8 (full 0):
 def new generation   total 4928K, used 4816K [0x04c00000, 0x05150000, 0x0a150000)
  eden space 4416K, 100% used [0x04c00000, 0x05050000, 0x05050000)
  from space 512K,  78% used [0x05050000, 0x050b4328, 0x050d0000)
  to   space 512K,   0% used [0x050d0000, 0x050d0000, 0x05150000)
 tenured generation   total 10944K, used 5883K [0x0a150000, 0x0ac00000, 0x14c00000)
   the space 10944K,  53% used [0x0a150000, 0x0a70ef70, 0x0a70f000, 0x0ac00000)
 Metaspace       used 11740K, capacity 12267K, committed 12288K, reserved 12672K
Event: 3.694 GC heap after
Heap after GC invocations=9 (full 0):
 def new generation   total 4928K, used 452K [0x04c00000, 0x05150000, 0x0a150000)
  eden space 4416K,   0% used [0x04c00000, 0x04c00000, 0x05050000)
  from space 512K,  88% used [0x050d0000, 0x051413e0, 0x05150000)
  to   space 512K,   0% used [0x05050000, 0x05050000, 0x050d0000)
 tenured generation   total 10944K, used 6236K [0x0a150000, 0x0ac00000, 0x14c00000)
   the space 10944K,  56% used [0x0a150000, 0x0a767370, 0x0a767400, 0x0ac00000)
 Metaspace       used 11740K, capacity 12267K, committed 12288K, reserved 12672K
}
Event: 3.746 GC heap before
{Heap before GC invocations=9 (full 0):
 def new generation   total 4928K, used 3584K [0x04c00000, 0x05150000, 0x0a150000)
  eden space 4416K,  70% used [0x04c00000, 0x04f0ec80, 0x05050000)
  from space 512K,  88% used [0x050d0000, 0x051413e0, 0x05150000)
  to   space 512K,   0% used [0x05050000, 0x05050000, 0x050d0000)
 tenured generation   total 10944K, used 6236K [0x0a150000, 0x0ac00000, 0x14c00000)
   the space 10944K,  56% used [0x0a150000, 0x0a767370, 0x0a767400, 0x0ac00000)
 Metaspace       used 11773K, capacity 12267K, committed 12288K, reserved 12672K
Event: 3.766 GC heap after
Heap after GC invocations=10 (full 1):
 def new generation   total 5248K, used 0K [0x04c00000, 0x051b0000, 0x0a150000)
  eden space 4672K,   0% used [0x04c00000, 0x04c00000, 0x05090000)
  from space 576K,   0% used [0x05090000, 0x05090000, 0x05120000)
  to   space 576K,   0% used [0x05120000, 0x05120000, 0x051b0000)
 tenured generation   total 11588K, used 6952K [0x0a150000, 0x0aca1000, 0x14c00000)
   the space 11588K,  59% used [0x0a150000, 0x0a81a278, 0x0a81a400, 0x0aca1000)
 Metaspace       used 11773K, capacity 12267K, committed 12288K, reserved 12672K
}
Event: 3.862 GC heap before
{Heap before GC invocations=10 (full 1):
 def new generation   total 5248K, used 4672K [0x04c00000, 0x051b0000, 0x0a150000)
  eden space 4672K, 100% used [0x04c00000, 0x05090000, 0x05090000)
  from space 576K,   0% used [0x05090000, 0x05090000, 0x05120000)
  to   space 576K,   0% used [0x05120000, 0x05120000, 0x051b0000)
 tenured generation   total 11588K, used 6952K [0x0a150000, 0x0aca1000, 0x14c00000)
   the space 11588K,  59% used [0x0a150000, 0x0a81a278, 0x0a81a400, 0x0aca1000)
 Metaspace       used 12206K, capacity 12811K, committed 12928K, reserved 13696K
Event: 3.865 GC heap after
Heap after GC invocations=11 (full 1):
 def new generation   total 5248K, used 510K [0x04c00000, 0x051b0000, 0x0a150000)
  eden space 4672K,   0% used [0x04c00000, 0x04c00000, 0x05090000)
  from space 576K,  88% used [0x05120000, 0x0519fad8, 0x051b0000)
  to   space 576K,   0% used [0x05090000, 0x05090000, 0x05120000)
 tenured generation   total 11588K, used 6952K [0x0a150000, 0x0aca1000, 0x14c00000)
   the space 11588K,  59% used [0x0a150000, 0x0a81a278, 0x0a81a400, 0x0aca1000)
 Metaspace       used 12206K, capacity 12811K, committed 12928K, reserved 13696K
}
Event: 3.946 GC heap before
{Heap before GC invocations=11 (full 1):
 def new generation   total 5248K, used 4429K [0x04c00000, 0x051b0000, 0x0a150000)
  eden space 4672K,  83% used [0x04c00000, 0x04fd3950, 0x05090000)
  from space 576K,  88% used [0x05120000, 0x0519fad8, 0x051b0000)
  to   space 576K,   0% used [0x05090000, 0x05090000, 0x05120000)
 tenured generation   total 11588K, used 6952K [0x0a150000, 0x0aca1000, 0x14c00000)
   the space 11588K,  59% used [0x0a150000, 0x0a81a278, 0x0a81a400, 0x0aca1000)
 Metaspace       used 12597K, capacity 13275K, committed 13312K, reserved 13696K
Event: 3.952 GC heap after
Heap after GC invocations=12 (full 1):
 def new generation   total 5248K, used 256K [0x04c00000, 0x051b0000, 0x0a150000)
  eden space 4672K,   0% used [0x04c00000, 0x04c00000, 0x05090000)
  from space 576K,  44% used [0x05090000, 0x050d0018, 0x05120000)
  to   space 576K,   0% used [0x05120000, 0x05120000, 0x051b0000)
 tenured generation   total 11588K, used 9464K [0x0a150000, 0x0aca1000, 0x14c00000)
   the space 11588K,  81% used [0x0a150000, 0x0aa8e218, 0x0aa8e400, 0x0aca1000)
 Metaspace       used 12597K, capacity 13275K, committed 13312K, reserved 13696K
}
Event: 27.174 GC heap before
{Heap before GC invocations=12 (full 1):
 def new generation   total 5248K, used 4727K [0x04c00000, 0x051b0000, 0x0a150000)
  eden space 4672K,  95% used [0x04c00000, 0x0505dd98, 0x05090000)
  from space 576K,  44% used [0x05090000, 0x050d0018, 0x05120000)
  to   space 576K,   0% used [0x05120000, 0x05120000, 0x051b0000)
 tenured generation   total 11588K, used 9464K [0x0a150000, 0x0aca1000, 0x14c00000)
   the space 11588K,  81% used [0x0a150000, 0x0aa8e218, 0x0aa8e400, 0x0aca1000)
 Metaspace       used 12912K, capacity 13583K, committed 13696K, reserved 13696K
Event: 27.178 GC heap after
Heap after GC invocations=13 (full 1):
 def new generation   total 5248K, used 478K [0x04c00000, 0x051b0000, 0x0a150000)
  eden space 4672K,   0% used [0x04c00000, 0x04c00000, 0x05090000)
  from space 576K,  83% used [0x05120000, 0x05197928, 0x051b0000)
  to   space 576K,   0% used [0x05090000, 0x05090000, 0x05120000)
 tenured generation   total 11588K, used 10488K [0x0a150000, 0x0aca1000, 0x14c00000)
   the space 11588K,  90% used [0x0a150000, 0x0ab8e228, 0x0ab8e400, 0x0aca1000)
 Metaspace       used 12912K, capacity 13583K, committed 13696K, reserved 13696K
}

