# JRE version: Java(TM) SE Runtime Environment (8.0_172-b11) (build 1.8.0_172-b11)
# Java VM: Java HotSpot(TM) Client VM (25.172-b11 mixed mode, sharing windows-x86 )
Heap:
 def new generation   total 8384K, used 2223K [0x04a00000, 0x05310000, 0x09f50000)
  eden space 7488K,  29% used [0x04a00000, 0x04c2bd50, 0x05150000)
  from space 896K,   0% used [0x05150000, 0x05150000, 0x05230000)
  to   space 896K,   0% used [0x05230000, 0x05230000, 0x05310000)
 tenured generation   total 18456K, used 11072K [0x09f50000, 0x0b156000, 0x14a00000)
   the space 18456K,  59% used [0x09f50000, 0x0aa20000, 0x0aa20000, 0x0b156000)
 Metaspace       used 9811K, capacity 11072K, committed 11136K, reserved 11648K
GC Heap History (10 events):
Event: 3.720 GC heap before
{Heap before GC invocations=9 (full 0):
 def new generation   total 4928K, used 4869K [0x04a00000, 0x04f50000, 0x09f50000)
  eden space 4416K, 100% used [0x04a00000, 0x04e50000, 0x04e50000)
  from space 512K,  88% used [0x04ed0000, 0x04f41740, 0x04f50000)
  to   space 512K,   0% used [0x04e50000, 0x04e50000, 0x04ed0000)
 tenured generation   total 10944K, used 6249K [0x09f50000, 0x0aa00000, 0x14a00000)
   the space 10944K,  57% used [0x09f50000, 0x0a56a758, 0x0a56a800, 0x0aa00000)
 Metaspace       used 8461K, capacity 9786K, committed 9856K, reserved 10624K
Event: 3.723 GC heap after
Heap after GC invocations=10 (full 0):
 def new generation   total 4928K, used 461K [0x04a00000, 0x04f50000, 0x09f50000)
  eden space 4416K,   0% used [0x04a00000, 0x04a00000, 0x04e50000)
  from space 512K,  90% used [0x04e50000, 0x04ec34c0, 0x04ed0000)
  to   space 512K,   0% used [0x04ed0000, 0x04ed0000, 0x04f50000)
 tenured generation   total 10944K, used 6560K [0x09f50000, 0x0aa00000, 0x14a00000)
   the space 10944K,  59% used [0x09f50000, 0x0a5b8278, 0x0a5b8400, 0x0aa00000)
 Metaspace       used 8461K, capacity 9786K, committed 9856K, reserved 10624K
}
Event: 3.841 GC heap before
{Heap before GC invocations=10 (full 0):
 def new generation   total 4928K, used 4877K [0x04a00000, 0x04f50000, 0x09f50000)
  eden space 4416K, 100% used [0x04a00000, 0x04e50000, 0x04e50000)
  from space 512K,  90% used [0x04e50000, 0x04ec34c0, 0x04ed0000)
  to   space 512K,   0% used [0x04ed0000, 0x04ed0000, 0x04f50000)
 tenured generation   total 10944K, used 6560K [0x09f50000, 0x0aa00000, 0x14a00000)
   the space 10944K,  59% used [0x09f50000, 0x0a5b8278, 0x0a5b8400, 0x0aa00000)
 Metaspace       used 8968K, capacity 10337K, committed 10368K, reserved 10624K
Event: 3.846 GC heap after
Heap after GC invocations=11 (full 0):
 def new generation   total 4928K, used 512K [0x04a00000, 0x04f50000, 0x09f50000)
  eden space 4416K,   0% used [0x04a00000, 0x04a00000, 0x04e50000)
  from space 512K, 100% used [0x04ed0000, 0x04f50000, 0x04f50000)
  to   space 512K,   0% used [0x04e50000, 0x04e50000, 0x04ed0000)
 tenured generation   total 10944K, used 7034K [0x09f50000, 0x0aa00000, 0x14a00000)
   the space 10944K,  64% used [0x09f50000, 0x0a62e8a0, 0x0a62ea00, 0x0aa00000)
 Metaspace       used 8968K, capacity 10337K, committed 10368K, reserved 10624K
}
Event: 3.922 GC heap before
{Heap before GC invocations=11 (full 0):
 def new generation   total 4928K, used 4928K [0x04a00000, 0x04f50000, 0x09f50000)
  eden space 4416K, 100% used [0x04a00000, 0x04e50000, 0x04e50000)
  from space 512K, 100% used [0x04ed0000, 0x04f50000, 0x04f50000)
  to   space 512K,   0% used [0x04e50000, 0x04e50000, 0x04ed0000)
 tenured generation   total 10944K, used 7034K [0x09f50000, 0x0aa00000, 0x14a00000)
   the space 10944K,  64% used [0x09f50000, 0x0a62e8a0, 0x0a62ea00, 0x0aa00000)
 Metaspace       used 9253K, capacity 10623K, committed 10624K, reserved 10624K
Event: 3.929 GC heap after
Heap after GC invocations=12 (full 0):
 def new generation   total 4928K, used 135K [0x04a00000, 0x04f50000, 0x09f50000)
  eden space 4416K,   0% used [0x04a00000, 0x04a00000, 0x04e50000)
  from space 512K,  26% used [0x04e50000, 0x04e71f90, 0x04ed0000)
  to   space 512K,   0% used [0x04ed0000, 0x04ed0000, 0x04f50000)
 tenured generation   total 10944K, used 10601K [0x09f50000, 0x0aa00000, 0x14a00000)
   the space 10944K,  96% used [0x09f50000, 0x0a9aa620, 0x0a9aa800, 0x0aa00000)
 Metaspace       used 9253K, capacity 10623K, committed 10624K, reserved 10624K
}
Event: 31.142 GC heap before
{Heap before GC invocations=12 (full 0):
 def new generation   total 4928K, used 4551K [0x04a00000, 0x04f50000, 0x09f50000)
  eden space 4416K, 100% used [0x04a00000, 0x04e50000, 0x04e50000)
  from space 512K,  26% used [0x04e50000, 0x04e71f90, 0x04ed0000)
  to   space 512K,   0% used [0x04ed0000, 0x04ed0000, 0x04f50000)
 tenured generation   total 10944K, used 10601K [0x09f50000, 0x0aa00000, 0x14a00000)
   the space 10944K,  96% used [0x09f50000, 0x0a9aa620, 0x0a9aa800, 0x0aa00000)
 Metaspace       used 9544K, capacity 10838K, committed 10880K, reserved 11648K
Event: 31.146 GC heap after
Heap after GC invocations=13 (full 0):
 def new generation   total 4928K, used 501K [0x04a00000, 0x04f50000, 0x09f50000)
  eden space 4416K,   0% used [0x04a00000, 0x04a00000, 0x04e50000)
  from space 512K,  97% used [0x04ed0000, 0x04f4d550, 0x04f50000)
  to   space 512K,   0% used [0x04e50000, 0x04e50000, 0x04ed0000)
 tenured generation   total 10944K, used 10601K [0x09f50000, 0x0aa00000, 0x14a00000)
   the space 10944K,  96% used [0x09f50000, 0x0a9aa620, 0x0a9aa800, 0x0aa00000)
 Metaspace       used 9544K, capacity 10838K, committed 10880K, reserved 11648K
}
Event: 43.945 GC heap before
{Heap before GC invocations=13 (full 0):
 def new generation   total 4928K, used 4917K [0x04a00000, 0x04f50000, 0x09f50000)
  eden space 4416K, 100% used [0x04a00000, 0x04e50000, 0x04e50000)
  from space 512K,  97% used [0x04ed0000, 0x04f4d550, 0x04f50000)
  to   space 512K,   0% used [0x04e50000, 0x04e50000, 0x04ed0000)
 tenured generation   total 10944K, used 10601K [0x09f50000, 0x0aa00000, 0x14a00000)
   the space 10944K,  96% used [0x09f50000, 0x0a9aa620, 0x0a9aa800, 0x0aa00000)
 Metaspace       used 9788K, capacity 11085K, committed 11136K, reserved 11648K
Event: 43.978 GC heap after
Heap after GC invocations=14 (full 1):
 def new generation   total 8384K, used 180K [0x04a00000, 0x05310000, 0x09f50000)
  eden space 7488K,   2% used [0x04a00000, 0x04a2d168, 0x05150000)
  from space 896K,   0% used [0x05150000, 0x05150000, 0x05230000)
  to   space 896K,   0% used [0x05230000, 0x05230000, 0x05310000)
 tenured generation   total 18456K, used 11072K [0x09f50000, 0x0b156000, 0x14a00000)
   the space 18456K,  59% used [0x09f50000, 0x0aa20000, 0x0aa20000, 0x0b156000)
 Metaspace       used 9779K, capacity 11062K, committed 11136K, reserved 11648K
}

