# JRE version: Java(TM) SE Runtime Environment (8.0_172-b11) (build 1.8.0_172-b11)
# Java VM: Java HotSpot(TM) Client VM (25.172-b11 mixed mode windows-x86 )
Heap:
 def new generation   total 5248K, used 3359K [0x05200000, 0x057b0000, 0x0a750000)
  eden space 4672K,  61% used [0x05200000, 0x054cb488, 0x05690000)
  from space 576K,  86% used [0x05690000, 0x0570c858, 0x05720000)
  to   space 576K,   0% used [0x05720000, 0x05720000, 0x057b0000)
 tenured generation   total 11576K, used 10712K [0x0a750000, 0x0b29e000, 0x15200000)
   the space 11576K,  92% used [0x0a750000, 0x0b1c61b8, 0x0b1c6200, 0x0b29e000)
 Metaspace       used 13137K, capacity 13848K, committed 13952K, reserved 14720K
GC Heap History (10 events):
Event: 3.747 GC heap before
{Heap before GC invocations=9 (full 0):
 def new generation   total 4928K, used 3558K [0x05200000, 0x05750000, 0x0a750000)
  eden space 4416K,  69% used [0x05200000, 0x05502120, 0x05650000)
  from space 512K,  93% used [0x056d0000, 0x05747728, 0x05750000)
  to   space 512K,   0% used [0x05650000, 0x05650000, 0x056d0000)
 tenured generation   total 10944K, used 6230K [0x0a750000, 0x0b200000, 0x15200000)
   the space 10944K,  56% used [0x0a750000, 0x0ad65b58, 0x0ad65c00, 0x0b200000)
 Metaspace       used 11783K, capacity 12267K, committed 12288K, reserved 12672K
Event: 3.766 GC heap after
Heap after GC invocations=10 (full 1):
 def new generation   total 5248K, used 0K [0x05200000, 0x057b0000, 0x0a750000)
  eden space 4672K,   0% used [0x05200000, 0x05200000, 0x05690000)
  from space 576K,   0% used [0x05690000, 0x05690000, 0x05720000)
  to   space 576K,   0% used [0x05720000, 0x05720000, 0x057b0000)
 tenured generation   total 11576K, used 6945K [0x0a750000, 0x0b29e000, 0x15200000)
   the space 11576K,  59% used [0x0a750000, 0x0ae18578, 0x0ae18600, 0x0b29e000)
 Metaspace       used 11783K, capacity 12267K, committed 12288K, reserved 12672K
}
Event: 3.866 GC heap before
{Heap before GC invocations=10 (full 1):
 def new generation   total 5248K, used 4672K [0x05200000, 0x057b0000, 0x0a750000)
  eden space 4672K, 100% used [0x05200000, 0x05690000, 0x05690000)
  from space 576K,   0% used [0x05690000, 0x05690000, 0x05720000)
  to   space 576K,   0% used [0x05720000, 0x05720000, 0x057b0000)
 tenured generation   total 11576K, used 6945K [0x0a750000, 0x0b29e000, 0x15200000)
   the space 11576K,  59% used [0x0a750000, 0x0ae18578, 0x0ae18600, 0x0b29e000)
 Metaspace       used 12214K, capacity 12843K, committed 12928K, reserved 13696K
Event: 3.870 GC heap after
Heap after GC invocations=11 (full 1):
 def new generation   total 5248K, used 520K [0x05200000, 0x057b0000, 0x0a750000)
  eden space 4672K,   0% used [0x05200000, 0x05200000, 0x05690000)
  from space 576K,  90% used [0x05720000, 0x057a23f0, 0x057b0000)
  to   space 576K,   0% used [0x05690000, 0x05690000, 0x05720000)
 tenured generation   total 11576K, used 6945K [0x0a750000, 0x0b29e000, 0x15200000)
   the space 11576K,  59% used [0x0a750000, 0x0ae18578, 0x0ae18600, 0x0b29e000)
 Metaspace       used 12214K, capacity 12843K, committed 12928K, reserved 13696K
}
Event: 3.953 GC heap before
{Heap before GC invocations=11 (full 1):
 def new generation   total 5248K, used 4419K [0x05200000, 0x057b0000, 0x0a750000)
  eden space 4672K,  83% used [0x05200000, 0x055cea68, 0x05690000)
  from space 576K,  90% used [0x05720000, 0x057a23f0, 0x057b0000)
  to   space 576K,   0% used [0x05690000, 0x05690000, 0x05720000)
 tenured generation   total 11576K, used 6945K [0x0a750000, 0x0b29e000, 0x15200000)
   the space 11576K,  59% used [0x0a750000, 0x0ae18578, 0x0ae18600, 0x0b29e000)
 Metaspace       used 12605K, capacity 13275K, committed 13312K, reserved 13696K
Event: 3.959 GC heap after
Heap after GC invocations=12 (full 1):
 def new generation   total 5248K, used 266K [0x05200000, 0x057b0000, 0x0a750000)
  eden space 4672K,   0% used [0x05200000, 0x05200000, 0x05690000)
  from space 576K,  46% used [0x05690000, 0x056d2a78, 0x05720000)
  to   space 576K,   0% used [0x05720000, 0x05720000, 0x057b0000)
 tenured generation   total 11576K, used 9446K [0x0a750000, 0x0b29e000, 0x15200000)
   the space 11576K,  81% used [0x0a750000, 0x0b089b80, 0x0b089c00, 0x0b29e000)
 Metaspace       used 12605K, capacity 13275K, committed 13312K, reserved 13696K
}
Event: 30.378 GC heap before
{Heap before GC invocations=12 (full 1):
 def new generation   total 5248K, used 4938K [0x05200000, 0x057b0000, 0x0a750000)
  eden space 4672K, 100% used [0x05200000, 0x05690000, 0x05690000)
  from space 576K,  46% used [0x05690000, 0x056d2a78, 0x05720000)
  to   space 576K,   0% used [0x05720000, 0x05720000, 0x057b0000)
 tenured generation   total 11576K, used 9446K [0x0a750000, 0x0b29e000, 0x15200000)
   the space 11576K,  81% used [0x0a750000, 0x0b089b80, 0x0b089c00, 0x0b29e000)
 Metaspace       used 12826K, capacity 13510K, committed 13568K, reserved 13696K
Event: 30.386 GC heap after
Heap after GC invocations=13 (full 1):
 def new generation   total 5248K, used 407K [0x05200000, 0x057b0000, 0x0a750000)
  eden space 4672K,   0% used [0x05200000, 0x05200000, 0x05690000)
  from space 576K,  70% used [0x05720000, 0x05785df8, 0x057b0000)
  to   space 576K,   0% used [0x05690000, 0x05690000, 0x05720000)
 tenured generation   total 11576K, used 10470K [0x0a750000, 0x0b29e000, 0x15200000)
   the space 11576K,  90% used [0x0a750000, 0x0b189b90, 0x0b189c00, 0x0b29e000)
 Metaspace       used 12826K, capacity 13510K, committed 13568K, reserved 13696K
}
Event: 44.986 GC heap before
{Heap before GC invocations=13 (full 1):
 def new generation   total 5248K, used 5079K [0x05200000, 0x057b0000, 0x0a750000)
  eden space 4672K, 100% used [0x05200000, 0x05690000, 0x05690000)
  from space 576K,  70% used [0x05720000, 0x05785df8, 0x057b0000)
  to   space 576K,   0% used [0x05690000, 0x05690000, 0x05720000)
 tenured generation   total 11576K, used 10470K [0x0a750000, 0x0b29e000, 0x15200000)
   the space 11576K,  90% used [0x0a750000, 0x0b189b90, 0x0b189c00, 0x0b29e000)
 Metaspace       used 13109K, capacity 13806K, committed 13952K, reserved 14720K
Event: 44.997 GC heap after
Heap after GC invocations=14 (full 1):
 def new generation   total 5248K, used 498K [0x05200000, 0x057b0000, 0x0a750000)
  eden space 4672K,   0% used [0x05200000, 0x05200000, 0x05690000)
  from space 576K,  86% used [0x05690000, 0x0570c858, 0x05720000)
  to   space 576K,   0% used [0x05720000, 0x05720000, 0x057b0000)
 tenured generation   total 11576K, used 10712K [0x0a750000, 0x0b29e000, 0x15200000)
   the space 11576K,  92% used [0x0a750000, 0x0b1c61b8, 0x0b1c6200, 0x0b29e000)
 Metaspace       used 13109K, capacity 13806K, committed 13952K, reserved 14720K
}

