# JRE version: Java(TM) SE Runtime Environment (8.0_172-b11) (build 1.8.0_172-b11)
# Java VM: Java HotSpot(TM) Client VM (25.172-b11 mixed mode, sharing windows-x86 )
Heap:
 def new generation   total 4928K, used 1750K [0x04800000, 0x04d50000, 0x09d50000)
  eden space 4416K,  38% used [0x04800000, 0x049a4c50, 0x04c50000)
  from space 512K,  13% used [0x04c50000, 0x04c60e60, 0x04cd0000)
  to   space 512K,   0% used [0x04cd0000, 0x04cd0000, 0x04d50000)
 tenured generation   total 10944K, used 10537K [0x09d50000, 0x0a800000, 0x14800000)
   the space 10944K,  96% used [0x09d50000, 0x0a79a498, 0x0a79a600, 0x0a800000)
 Metaspace       used 9398K, capacity 10771K, committed 10880K, reserved 11648K
GC Heap History (10 events):
Event: 3.402 GC heap before
{Heap before GC invocations=7 (full 0):
 def new generation   total 4928K, used 4928K [0x04800000, 0x04d50000, 0x09d50000)
  eden space 4416K, 100% used [0x04800000, 0x04c50000, 0x04c50000)
  from space 512K, 100% used [0x04cd0000, 0x04d50000, 0x04d50000)
  to   space 512K,   0% used [0x04c50000, 0x04c50000, 0x04cd0000)
 tenured generation   total 10944K, used 5363K [0x09d50000, 0x0a800000, 0x14800000)
   the space 10944K,  49% used [0x09d50000, 0x0a28ce08, 0x0a28d000, 0x0a800000)
 Metaspace       used 7688K, capacity 8960K, committed 8960K, reserved 9600K
Event: 3.406 GC heap after
Heap after GC invocations=8 (full 0):
 def new generation   total 4928K, used 404K [0x04800000, 0x04d50000, 0x09d50000)
  eden space 4416K,   0% used [0x04800000, 0x04800000, 0x04c50000)
  from space 512K,  79% used [0x04c50000, 0x04cb52a0, 0x04cd0000)
  to   space 512K,   0% used [0x04cd0000, 0x04cd0000, 0x04d50000)
 tenured generation   total 10944K, used 5867K [0x09d50000, 0x0a800000, 0x14800000)
   the space 10944K,  53% used [0x09d50000, 0x0a30af10, 0x0a30b000, 0x0a800000)
 Metaspace       used 7688K, capacity 8960K, committed 8960K, reserved 9600K
}
Event: 3.494 GC heap before
{Heap before GC invocations=8 (full 0):
 def new generation   total 4928K, used 4820K [0x04800000, 0x04d50000, 0x09d50000)
  eden space 4416K, 100% used [0x04800000, 0x04c50000, 0x04c50000)
  from space 512K,  79% used [0x04c50000, 0x04cb52a0, 0x04cd0000)
  to   space 512K,   0% used [0x04cd0000, 0x04cd0000, 0x04d50000)
 tenured generation   total 10944K, used 5867K [0x09d50000, 0x0a800000, 0x14800000)
   the space 10944K,  53% used [0x09d50000, 0x0a30af10, 0x0a30b000, 0x0a800000)
 Metaspace       used 8276K, capacity 9571K, committed 9600K, reserved 9600K
Event: 3.498 GC heap after
Heap after GC invocations=9 (full 0):
 def new generation   total 4928K, used 463K [0x04800000, 0x04d50000, 0x09d50000)
  eden space 4416K,   0% used [0x04800000, 0x04800000, 0x04c50000)
  from space 512K,  90% used [0x04cd0000, 0x04d43c98, 0x04d50000)
  to   space 512K,   0% used [0x04c50000, 0x04c50000, 0x04cd0000)
 tenured generation   total 10944K, used 6223K [0x09d50000, 0x0a800000, 0x14800000)
   the space 10944K,  56% used [0x09d50000, 0x0a363f90, 0x0a364000, 0x0a800000)
 Metaspace       used 8276K, capacity 9571K, committed 9600K, reserved 9600K
}
Event: 3.579 GC heap before
{Heap before GC invocations=9 (full 0):
 def new generation   total 4928K, used 4879K [0x04800000, 0x04d50000, 0x09d50000)
  eden space 4416K, 100% used [0x04800000, 0x04c50000, 0x04c50000)
  from space 512K,  90% used [0x04cd0000, 0x04d43c98, 0x04d50000)
  to   space 512K,   0% used [0x04c50000, 0x04c50000, 0x04cd0000)
 tenured generation   total 10944K, used 6223K [0x09d50000, 0x0a800000, 0x14800000)
   the space 10944K,  56% used [0x09d50000, 0x0a363f90, 0x0a364000, 0x0a800000)
 Metaspace       used 8466K, capacity 9783K, committed 9856K, reserved 10624K
Event: 3.583 GC heap after
Heap after GC invocations=10 (full 0):
 def new generation   total 4928K, used 479K [0x04800000, 0x04d50000, 0x09d50000)
  eden space 4416K,   0% used [0x04800000, 0x04800000, 0x04c50000)
  from space 512K,  93% used [0x04c50000, 0x04cc7de8, 0x04cd0000)
  to   space 512K,   0% used [0x04cd0000, 0x04cd0000, 0x04d50000)
 tenured generation   total 10944K, used 6544K [0x09d50000, 0x0a800000, 0x14800000)
   the space 10944K,  59% used [0x09d50000, 0x0a3b4310, 0x0a3b4400, 0x0a800000)
 Metaspace       used 8466K, capacity 9783K, committed 9856K, reserved 10624K
}
Event: 3.715 GC heap before
{Heap before GC invocations=10 (full 0):
 def new generation   total 4928K, used 4800K [0x04800000, 0x04d50000, 0x09d50000)
  eden space 4416K,  97% used [0x04800000, 0x04c38218, 0x04c50000)
  from space 512K,  93% used [0x04c50000, 0x04cc7de8, 0x04cd0000)
  to   space 512K,   0% used [0x04cd0000, 0x04cd0000, 0x04d50000)
 tenured generation   total 10944K, used 6544K [0x09d50000, 0x0a800000, 0x14800000)
   the space 10944K,  59% used [0x09d50000, 0x0a3b4310, 0x0a3b4400, 0x0a800000)
 Metaspace       used 9145K, capacity 10483K, committed 10496K, reserved 10624K
Event: 3.721 GC heap after
Heap after GC invocations=11 (full 0):
 def new generation   total 4928K, used 511K [0x04800000, 0x04d50000, 0x09d50000)
  eden space 4416K,   0% used [0x04800000, 0x04800000, 0x04c50000)
  from space 512K,  99% used [0x04cd0000, 0x04d4fff8, 0x04d50000)
  to   space 512K,   0% used [0x04c50000, 0x04c50000, 0x04cd0000)
 tenured generation   total 10944K, used 6970K [0x09d50000, 0x0a800000, 0x14800000)
   the space 10944K,  63% used [0x09d50000, 0x0a41e830, 0x0a41ea00, 0x0a800000)
 Metaspace       used 9145K, capacity 10483K, committed 10496K, reserved 10624K
}
Event: 7.754 GC heap before
{Heap before GC invocations=11 (full 0):
 def new generation   total 4928K, used 4927K [0x04800000, 0x04d50000, 0x09d50000)
  eden space 4416K, 100% used [0x04800000, 0x04c50000, 0x04c50000)
  from space 512K,  99% used [0x04cd0000, 0x04d4fff8, 0x04d50000)
  to   space 512K,   0% used [0x04c50000, 0x04c50000, 0x04cd0000)
 tenured generation   total 10944K, used 6970K [0x09d50000, 0x0a800000, 0x14800000)
   the space 10944K,  63% used [0x09d50000, 0x0a41e830, 0x0a41ea00, 0x0a800000)
 Metaspace       used 9269K, capacity 10623K, committed 10624K, reserved 10624K
Event: 7.761 GC heap after
Heap after GC invocations=12 (full 0):
 def new generation   total 4928K, used 67K [0x04800000, 0x04d50000, 0x09d50000)
  eden space 4416K,   0% used [0x04800000, 0x04800000, 0x04c50000)
  from space 512K,  13% used [0x04c50000, 0x04c60e60, 0x04cd0000)
  to   space 512K,   0% used [0x04cd0000, 0x04cd0000, 0x04d50000)
 tenured generation   total 10944K, used 10537K [0x09d50000, 0x0a800000, 0x14800000)
   the space 10944K,  96% used [0x09d50000, 0x0a79a498, 0x0a79a600, 0x0a800000)
 Metaspace       used 9269K, capacity 10623K, committed 10624K, reserved 10624K
}

