# JRE version: Java(TM) SE Runtime Environment (8.0_172-b11) (build 1.8.0_172-b11)
# Java VM: Java HotSpot(TM) Client VM (25.172-b11 mixed mode windows-x86 )
Heap:
 def new generation   total 9984K, used 3507K [0x05400000, 0x05ed0000, 0x0a950000)
  eden space 8896K,  39% used [0x05400000, 0x0576cca8, 0x05cb0000)
  from space 1088K,   0% used [0x05cb0000, 0x05cb0000, 0x05dc0000)
  to   space 1088K,   0% used [0x05dc0000, 0x05dc0000, 0x05ed0000)
 tenured generation   total 22112K, used 13264K [0x0a950000, 0x0bee8000, 0x15400000)
   the space 22112K,  59% used [0x0a950000, 0x0b644390, 0x0b644400, 0x0bee8000)
 Metaspace       used 13779K, capacity 14581K, committed 14592K, reserved 14720K
GC Heap History (10 events):
Event: 3.747 GC heap before
{Heap before GC invocations=10 (full 1):
 def new generation   total 5568K, used 4992K [0x05400000, 0x05a00000, 0x0a950000)
  eden space 4992K, 100% used [0x05400000, 0x058e0000, 0x058e0000)
  from space 576K,   0% used [0x058e0000, 0x058e0000, 0x05970000)
  to   space 576K,   0% used [0x05970000, 0x05970000, 0x05a00000)
 tenured generation   total 12192K, used 7314K [0x0a950000, 0x0b538000, 0x15400000)
   the space 12192K,  59% used [0x0a950000, 0x0b074bb0, 0x0b074c00, 0x0b538000)
 Metaspace       used 12759K, capacity 13428K, committed 13440K, reserved 13696K
Event: 3.750 GC heap after
Heap after GC invocations=11 (full 1):
 def new generation   total 5568K, used 422K [0x05400000, 0x05a00000, 0x0a950000)
  eden space 4992K,   0% used [0x05400000, 0x05400000, 0x058e0000)
  from space 576K,  73% used [0x05970000, 0x059d9948, 0x05a00000)
  to   space 576K,   0% used [0x058e0000, 0x058e0000, 0x05970000)
 tenured generation   total 12192K, used 7314K [0x0a950000, 0x0b538000, 0x15400000)
   the space 12192K,  59% used [0x0a950000, 0x0b074bb0, 0x0b074c00, 0x0b538000)
 Metaspace       used 12759K, capacity 13428K, committed 13440K, reserved 13696K
}
Event: 3.865 GC heap before
{Heap before GC invocations=11 (full 1):
 def new generation   total 5568K, used 5414K [0x05400000, 0x05a00000, 0x0a950000)
  eden space 4992K, 100% used [0x05400000, 0x058e0000, 0x058e0000)
  from space 576K,  73% used [0x05970000, 0x059d9948, 0x05a00000)
  to   space 576K,   0% used [0x058e0000, 0x058e0000, 0x05970000)
 tenured generation   total 12192K, used 7314K [0x0a950000, 0x0b538000, 0x15400000)
   the space 12192K,  59% used [0x0a950000, 0x0b074bb0, 0x0b074c00, 0x0b538000)
 Metaspace       used 12855K, capacity 13534K, committed 13568K, reserved 13696K
Event: 3.872 GC heap after
Heap after GC invocations=12 (full 1):
 def new generation   total 5568K, used 575K [0x05400000, 0x05a00000, 0x0a950000)
  eden space 4992K,   0% used [0x05400000, 0x05400000, 0x058e0000)
  from space 576K,  99% used [0x058e0000, 0x0596fff8, 0x05970000)
  to   space 576K,   0% used [0x05970000, 0x05970000, 0x05a00000)
 tenured generation   total 12192K, used 8700K [0x0a950000, 0x0b538000, 0x15400000)
   the space 12192K,  71% used [0x0a950000, 0x0b1cf1e0, 0x0b1cf200, 0x0b538000)
 Metaspace       used 12855K, capacity 13534K, committed 13568K, reserved 13696K
}
Event: 3.976 GC heap before
{Heap before GC invocations=12 (full 1):
 def new generation   total 5568K, used 5567K [0x05400000, 0x05a00000, 0x0a950000)
  eden space 4992K, 100% used [0x05400000, 0x058e0000, 0x058e0000)
  from space 576K,  99% used [0x058e0000, 0x0596fff8, 0x05970000)
  to   space 576K,   0% used [0x05970000, 0x05970000, 0x05a00000)
 tenured generation   total 12192K, used 8700K [0x0a950000, 0x0b538000, 0x15400000)
   the space 12192K,  71% used [0x0a950000, 0x0b1cf1e0, 0x0b1cf200, 0x0b538000)
 Metaspace       used 12944K, capacity 13650K, committed 13696K, reserved 13696K
Event: 3.983 GC heap after
Heap after GC invocations=13 (full 1):
 def new generation   total 5568K, used 576K [0x05400000, 0x05a00000, 0x0a950000)
  eden space 4992K,   0% used [0x05400000, 0x05400000, 0x058e0000)
  from space 576K, 100% used [0x05970000, 0x05a00000, 0x05a00000)
  to   space 576K,   0% used [0x058e0000, 0x058e0000, 0x05970000)
 tenured generation   total 12192K, used 9898K [0x0a950000, 0x0b538000, 0x15400000)
   the space 12192K,  81% used [0x0a950000, 0x0b2fabf0, 0x0b2fac00, 0x0b538000)
 Metaspace       used 12944K, capacity 13650K, committed 13696K, reserved 13696K
}
Event: 4.046 GC heap before
{Heap before GC invocations=13 (full 1):
 def new generation   total 5568K, used 5568K [0x05400000, 0x05a00000, 0x0a950000)
  eden space 4992K, 100% used [0x05400000, 0x058e0000, 0x058e0000)
  from space 576K, 100% used [0x05970000, 0x05a00000, 0x05a00000)
  to   space 576K,   0% used [0x058e0000, 0x058e0000, 0x05970000)
 tenured generation   total 12192K, used 9898K [0x0a950000, 0x0b538000, 0x15400000)
   the space 12192K,  81% used [0x0a950000, 0x0b2fabf0, 0x0b2fac00, 0x0b538000)
 Metaspace       used 13134K, capacity 13893K, committed 13952K, reserved 14720K
Event: 4.051 GC heap after
Heap after GC invocations=14 (full 1):
 def new generation   total 5568K, used 523K [0x05400000, 0x05a00000, 0x0a950000)
  eden space 4992K,   0% used [0x05400000, 0x05400000, 0x058e0000)
  from space 576K,  90% used [0x058e0000, 0x05962d00, 0x05970000)
  to   space 576K,   0% used [0x05970000, 0x05970000, 0x05a00000)
 tenured generation   total 12192K, used 10472K [0x0a950000, 0x0b538000, 0x15400000)
   the space 12192K,  85% used [0x0a950000, 0x0b38a388, 0x0b38a400, 0x0b538000)
 Metaspace       used 13134K, capacity 13893K, committed 13952K, reserved 14720K
}
Event: 4.140 GC heap before
{Heap before GC invocations=14 (full 1):
 def new generation   total 5568K, used 4871K [0x05400000, 0x05a00000, 0x0a950000)
  eden space 4992K,  87% used [0x05400000, 0x0583f298, 0x058e0000)
  from space 576K,  90% used [0x058e0000, 0x05962d00, 0x05970000)
  to   space 576K,   0% used [0x05970000, 0x05970000, 0x05a00000)
 tenured generation   total 12192K, used 10472K [0x0a950000, 0x0b538000, 0x15400000)
   the space 12192K,  85% used [0x0a950000, 0x0b38a388, 0x0b38a400, 0x0b538000)
 Metaspace       used 13489K, capacity 14293K, committed 14336K, reserved 14720K
Event: 4.188 GC heap after
Heap after GC invocations=15 (full 2):
 def new generation   total 9984K, used 0K [0x05400000, 0x05ed0000, 0x0a950000)
  eden space 8896K,   0% used [0x05400000, 0x05400000, 0x05cb0000)
  from space 1088K,   0% used [0x05cb0000, 0x05cb0000, 0x05dc0000)
  to   space 1088K,   0% used [0x05dc0000, 0x05dc0000, 0x05ed0000)
 tenured generation   total 22112K, used 13264K [0x0a950000, 0x0bee8000, 0x15400000)
   the space 22112K,  59% used [0x0a950000, 0x0b644390, 0x0b644400, 0x0bee8000)
 Metaspace       used 13489K, capacity 14293K, committed 14336K, reserved 14720K
}

