# JRE version: Java(TM) SE Runtime Environment (8.0_172-b11) (build 1.8.0_172-b11)
# Java VM: Java HotSpot(TM) Client VM (25.172-b11 mixed mode, sharing windows-x86 )
Heap:
 def new generation   total 4928K, used 3702K [0x04a00000, 0x04f50000, 0x09f50000)
  eden space 4416K,  72% used [0x04a00000, 0x04d1db48, 0x04e50000)
  from space 512K,  99% used [0x04ed0000, 0x04f4fff8, 0x04f50000)
  to   space 512K,   0% used [0x04e50000, 0x04e50000, 0x04ed0000)
 tenured generation   total 10944K, used 10598K [0x09f50000, 0x0aa00000, 0x14a00000)
   the space 10944K,  96% used [0x09f50000, 0x0a9a98b0, 0x0a9a9a00, 0x0aa00000)
 Metaspace       used 9743K, capacity 11060K, committed 11136K, reserved 11648K
GC Heap History (10 events):
Event: 3.698 GC heap before
{Heap before GC invocations=8 (full 0):
 def new generation   total 4928K, used 4819K [0x04a00000, 0x04f50000, 0x09f50000)
  eden space 4416K, 100% used [0x04a00000, 0x04e50000, 0x04e50000)
  from space 512K,  78% used [0x04e50000, 0x04eb4d88, 0x04ed0000)
  to   space 512K,   0% used [0x04ed0000, 0x04ed0000, 0x04f50000)
 tenured generation   total 10944K, used 5885K [0x09f50000, 0x0aa00000, 0x14a00000)
   the space 10944K,  53% used [0x09f50000, 0x0a50f758, 0x0a50f800, 0x0aa00000)
 Metaspace       used 8283K, capacity 9573K, committed 9600K, reserved 9600K
Event: 3.703 GC heap after
Heap after GC invocations=9 (full 0):
 def new generation   total 4928K, used 452K [0x04a00000, 0x04f50000, 0x09f50000)
  eden space 4416K,   0% used [0x04a00000, 0x04a00000, 0x04e50000)
  from space 512K,  88% used [0x04ed0000, 0x04f41398, 0x04f50000)
  to   space 512K,   0% used [0x04e50000, 0x04e50000, 0x04ed0000)
 tenured generation   total 10944K, used 6241K [0x09f50000, 0x0aa00000, 0x14a00000)
   the space 10944K,  57% used [0x09f50000, 0x0a5685c8, 0x0a568600, 0x0aa00000)
 Metaspace       used 8283K, capacity 9573K, committed 9600K, reserved 9600K
}
Event: 3.775 GC heap before
{Heap before GC invocations=9 (full 0):
 def new generation   total 4928K, used 4868K [0x04a00000, 0x04f50000, 0x09f50000)
  eden space 4416K, 100% used [0x04a00000, 0x04e50000, 0x04e50000)
  from space 512K,  88% used [0x04ed0000, 0x04f41398, 0x04f50000)
  to   space 512K,   0% used [0x04e50000, 0x04e50000, 0x04ed0000)
 tenured generation   total 10944K, used 6241K [0x09f50000, 0x0aa00000, 0x14a00000)
   the space 10944K,  57% used [0x09f50000, 0x0a5685c8, 0x0a568600, 0x0aa00000)
 Metaspace       used 8461K, capacity 9786K, committed 9856K, reserved 10624K
Event: 3.778 GC heap after
Heap after GC invocations=10 (full 0):
 def new generation   total 4928K, used 461K [0x04a00000, 0x04f50000, 0x09f50000)
  eden space 4416K,   0% used [0x04a00000, 0x04a00000, 0x04e50000)
  from space 512K,  90% used [0x04e50000, 0x04ec34a8, 0x04ed0000)
  to   space 512K,   0% used [0x04ed0000, 0x04ed0000, 0x04f50000)
 tenured generation   total 10944K, used 6551K [0x09f50000, 0x0aa00000, 0x14a00000)
   the space 10944K,  59% used [0x09f50000, 0x0a5b5fa8, 0x0a5b6000, 0x0aa00000)
 Metaspace       used 8461K, capacity 9786K, committed 9856K, reserved 10624K
}
Event: 3.893 GC heap before
{Heap before GC invocations=10 (full 0):
 def new generation   total 4928K, used 4877K [0x04a00000, 0x04f50000, 0x09f50000)
  eden space 4416K, 100% used [0x04a00000, 0x04e50000, 0x04e50000)
  from space 512K,  90% used [0x04e50000, 0x04ec34a8, 0x04ed0000)
  to   space 512K,   0% used [0x04ed0000, 0x04ed0000, 0x04f50000)
 tenured generation   total 10944K, used 6551K [0x09f50000, 0x0aa00000, 0x14a00000)
   the space 10944K,  59% used [0x09f50000, 0x0a5b5fa8, 0x0a5b6000, 0x0aa00000)
 Metaspace       used 8965K, capacity 10339K, committed 10368K, reserved 10624K
Event: 3.898 GC heap after
Heap after GC invocations=11 (full 0):
 def new generation   total 4928K, used 512K [0x04a00000, 0x04f50000, 0x09f50000)
  eden space 4416K,   0% used [0x04a00000, 0x04a00000, 0x04e50000)
  from space 512K, 100% used [0x04ed0000, 0x04f50000, 0x04f50000)
  to   space 512K,   0% used [0x04e50000, 0x04e50000, 0x04ed0000)
 tenured generation   total 10944K, used 7019K [0x09f50000, 0x0aa00000, 0x14a00000)
   the space 10944K,  64% used [0x09f50000, 0x0a62ad10, 0x0a62ae00, 0x0aa00000)
 Metaspace       used 8965K, capacity 10339K, committed 10368K, reserved 10624K
}
Event: 3.979 GC heap before
{Heap before GC invocations=11 (full 0):
 def new generation   total 4928K, used 4928K [0x04a00000, 0x04f50000, 0x09f50000)
  eden space 4416K, 100% used [0x04a00000, 0x04e50000, 0x04e50000)
  from space 512K, 100% used [0x04ed0000, 0x04f50000, 0x04f50000)
  to   space 512K,   0% used [0x04e50000, 0x04e50000, 0x04ed0000)
 tenured generation   total 10944K, used 7019K [0x09f50000, 0x0aa00000, 0x14a00000)
   the space 10944K,  64% used [0x09f50000, 0x0a62ad10, 0x0a62ae00, 0x0aa00000)
 Metaspace       used 9250K, capacity 10623K, committed 10624K, reserved 10624K
Event: 3.985 GC heap after
Heap after GC invocations=12 (full 0):
 def new generation   total 4928K, used 135K [0x04a00000, 0x04f50000, 0x09f50000)
  eden space 4416K,   0% used [0x04a00000, 0x04a00000, 0x04e50000)
  from space 512K,  26% used [0x04e50000, 0x04e71ef0, 0x04ed0000)
  to   space 512K,   0% used [0x04ed0000, 0x04ed0000, 0x04f50000)
 tenured generation   total 10944K, used 10592K [0x09f50000, 0x0aa00000, 0x14a00000)
   the space 10944K,  96% used [0x09f50000, 0x0a9a83c0, 0x0a9a8400, 0x0aa00000)
 Metaspace       used 9250K, capacity 10623K, committed 10624K, reserved 10624K
}
Event: 12.374 GC heap before
{Heap before GC invocations=12 (full 0):
 def new generation   total 4928K, used 4551K [0x04a00000, 0x04f50000, 0x09f50000)
  eden space 4416K, 100% used [0x04a00000, 0x04e50000, 0x04e50000)
  from space 512K,  26% used [0x04e50000, 0x04e71ef0, 0x04ed0000)
  to   space 512K,   0% used [0x04ed0000, 0x04ed0000, 0x04f50000)
 tenured generation   total 10944K, used 10592K [0x09f50000, 0x0aa00000, 0x14a00000)
   the space 10944K,  96% used [0x09f50000, 0x0a9a83c0, 0x0a9a8400, 0x0aa00000)
 Metaspace       used 9581K, capacity 10959K, committed 11008K, reserved 11648K
Event: 12.378 GC heap after
Heap after GC invocations=13 (full 0):
 def new generation   total 4928K, used 511K [0x04a00000, 0x04f50000, 0x09f50000)
  eden space 4416K,   0% used [0x04a00000, 0x04a00000, 0x04e50000)
  from space 512K,  99% used [0x04ed0000, 0x04f4fff8, 0x04f50000)
  to   space 512K,   0% used [0x04e50000, 0x04e50000, 0x04ed0000)
 tenured generation   total 10944K, used 10598K [0x09f50000, 0x0aa00000, 0x14a00000)
   the space 10944K,  96% used [0x09f50000, 0x0a9a98b0, 0x0a9a9a00, 0x0aa00000)
 Metaspace       used 9581K, capacity 10959K, committed 11008K, reserved 11648K
}

