# JRE version: Java(TM) SE Runtime Environment (8.0_172-b11) (build 1.8.0_172-b11)
# Java VM: Java HotSpot(TM) Client VM (25.172-b11 mixed mode, sharing windows-x86 )
Heap:
 def new generation   total 8640K, used 1372K [0x04800000, 0x05160000, 0x09d50000)
  eden space 7680K,  17% used [0x04800000, 0x049573b0, 0x04f80000)
  from space 960K,   0% used [0x04f80000, 0x04f80000, 0x05070000)
  to   space 960K,   0% used [0x05070000, 0x05070000, 0x05160000)
 tenured generation   total 19088K, used 11452K [0x09d50000, 0x0aff4000, 0x14800000)
   the space 19088K,  59% used [0x09d50000, 0x0a87f1b0, 0x0a87f200, 0x0aff4000)
 Metaspace       used 9384K, capacity 10776K, committed 10880K, reserved 11648K
GC Heap History (10 events):
Event: 3.645 GC heap before
{Heap before GC invocations=8 (full 0):
 def new generation   total 4928K, used 4928K [0x04800000, 0x04d50000, 0x09d50000)
  eden space 4416K, 100% used [0x04800000, 0x04c50000, 0x04c50000)
  from space 512K, 100% used [0x04c50000, 0x04cd0000, 0x04cd0000)
  to   space 512K,   0% used [0x04cd0000, 0x04cd0000, 0x04d50000)
 tenured generation   total 10944K, used 6264K [0x09d50000, 0x0a800000, 0x14800000)
   the space 10944K,  57% used [0x09d50000, 0x0a36e078, 0x0a36e200, 0x0a800000)
 Metaspace       used 8062K, capacity 9297K, committed 9344K, reserved 9600K
Event: 3.648 GC heap after
Heap after GC invocations=9 (full 0):
 def new generation   total 4928K, used 511K [0x04800000, 0x04d50000, 0x09d50000)
  eden space 4416K,   0% used [0x04800000, 0x04800000, 0x04c50000)
  from space 512K,  99% used [0x04cd0000, 0x04d4fe78, 0x04d50000)
  to   space 512K,   0% used [0x04c50000, 0x04c50000, 0x04cd0000)
 tenured generation   total 10944K, used 6734K [0x09d50000, 0x0a800000, 0x14800000)
   the space 10944K,  61% used [0x09d50000, 0x0a3e3b28, 0x0a3e3c00, 0x0a800000)
 Metaspace       used 8062K, capacity 9297K, committed 9344K, reserved 9600K
}
Event: 3.734 GC heap before
{Heap before GC invocations=9 (full 0):
 def new generation   total 4928K, used 4927K [0x04800000, 0x04d50000, 0x09d50000)
  eden space 4416K, 100% used [0x04800000, 0x04c50000, 0x04c50000)
  from space 512K,  99% used [0x04cd0000, 0x04d4fe78, 0x04d50000)
  to   space 512K,   0% used [0x04c50000, 0x04c50000, 0x04cd0000)
 tenured generation   total 10944K, used 6734K [0x09d50000, 0x0a800000, 0x14800000)
   the space 10944K,  61% used [0x09d50000, 0x0a3e3b28, 0x0a3e3c00, 0x0a800000)
 Metaspace       used 8351K, capacity 9573K, committed 9600K, reserved 9600K
Event: 3.738 GC heap after
Heap after GC invocations=10 (full 0):
 def new generation   total 4928K, used 494K [0x04800000, 0x04d50000, 0x09d50000)
  eden space 4416K,   0% used [0x04800000, 0x04800000, 0x04c50000)
  from space 512K,  96% used [0x04c50000, 0x04ccb848, 0x04cd0000)
  to   space 512K,   0% used [0x04cd0000, 0x04cd0000, 0x04d50000)
 tenured generation   total 10944K, used 7206K [0x09d50000, 0x0a800000, 0x14800000)
   the space 10944K,  65% used [0x09d50000, 0x0a459b58, 0x0a459c00, 0x0a800000)
 Metaspace       used 8351K, capacity 9573K, committed 9600K, reserved 9600K
}
Event: 3.819 GC heap before
{Heap before GC invocations=10 (full 0):
 def new generation   total 4928K, used 4910K [0x04800000, 0x04d50000, 0x09d50000)
  eden space 4416K, 100% used [0x04800000, 0x04c50000, 0x04c50000)
  from space 512K,  96% used [0x04c50000, 0x04ccb848, 0x04cd0000)
  to   space 512K,   0% used [0x04cd0000, 0x04cd0000, 0x04d50000)
 tenured generation   total 10944K, used 7206K [0x09d50000, 0x0a800000, 0x14800000)
   the space 10944K,  65% used [0x09d50000, 0x0a459b58, 0x0a459c00, 0x0a800000)
 Metaspace       used 8748K, capacity 10083K, committed 10112K, reserved 10624K
Event: 3.822 GC heap after
Heap after GC invocations=11 (full 0):
 def new generation   total 4928K, used 407K [0x04800000, 0x04d50000, 0x09d50000)
  eden space 4416K,   0% used [0x04800000, 0x04800000, 0x04c50000)
  from space 512K,  79% used [0x04cd0000, 0x04d35eb8, 0x04d50000)
  to   space 512K,   0% used [0x04c50000, 0x04c50000, 0x04cd0000)
 tenured generation   total 10944K, used 7648K [0x09d50000, 0x0a800000, 0x14800000)
   the space 10944K,  69% used [0x09d50000, 0x0a4c82e0, 0x0a4c8400, 0x0a800000)
 Metaspace       used 8748K, capacity 10083K, committed 10112K, reserved 10624K
}
Event: 3.916 GC heap before
{Heap before GC invocations=11 (full 0):
 def new generation   total 4928K, used 2894K [0x04800000, 0x04d50000, 0x09d50000)
  eden space 4416K,  56% used [0x04800000, 0x04a6dd10, 0x04c50000)
  from space 512K,  79% used [0x04cd0000, 0x04d35eb8, 0x04d50000)
  to   space 512K,   0% used [0x04c50000, 0x04c50000, 0x04cd0000)
 tenured generation   total 10944K, used 7648K [0x09d50000, 0x0a800000, 0x14800000)
   the space 10944K,  69% used [0x09d50000, 0x0a4c82e0, 0x0a4c8400, 0x0a800000)
 Metaspace       used 9155K, capacity 10483K, committed 10496K, reserved 10624K
Event: 3.921 GC heap after
Heap after GC invocations=12 (full 0):
 def new generation   total 4928K, used 341K [0x04800000, 0x04d50000, 0x09d50000)
  eden space 4416K,   0% used [0x04800000, 0x04800000, 0x04c50000)
  from space 512K,  66% used [0x04c50000, 0x04ca57e8, 0x04cd0000)
  to   space 512K,   0% used [0x04cd0000, 0x04cd0000, 0x04d50000)
 tenured generation   total 10944K, used 7991K [0x09d50000, 0x0a800000, 0x14800000)
   the space 10944K,  73% used [0x09d50000, 0x0a51dee8, 0x0a51e000, 0x0a800000)
 Metaspace       used 9155K, capacity 10483K, committed 10496K, reserved 10624K
}
Event: 8.367 GC heap before
{Heap before GC invocations=12 (full 0):
 def new generation   total 4928K, used 4757K [0x04800000, 0x04d50000, 0x09d50000)
  eden space 4416K, 100% used [0x04800000, 0x04c50000, 0x04c50000)
  from space 512K,  66% used [0x04c50000, 0x04ca57e8, 0x04cd0000)
  to   space 512K,   0% used [0x04cd0000, 0x04cd0000, 0x04d50000)
 tenured generation   total 10944K, used 7991K [0x09d50000, 0x0a800000, 0x14800000)
   the space 10944K,  73% used [0x09d50000, 0x0a51dee8, 0x0a51e000, 0x0a800000)
 Metaspace       used 9281K, capacity 10628K, committed 10752K, reserved 11648K
Event: 8.422 GC heap after
Heap after GC invocations=13 (full 1):
 def new generation   total 8640K, used 0K [0x04800000, 0x05160000, 0x09d50000)
  eden space 7680K,   0% used [0x04800000, 0x04800000, 0x04f80000)
  from space 960K,   0% used [0x04f80000, 0x04f80000, 0x05070000)
  to   space 960K,   0% used [0x05070000, 0x05070000, 0x05160000)
 tenured generation   total 19088K, used 11452K [0x09d50000, 0x0aff4000, 0x14800000)
   the space 19088K,  59% used [0x09d50000, 0x0a87f1b0, 0x0a87f200, 0x0aff4000)
 Metaspace       used 9281K, capacity 10628K, committed 10752K, reserved 11648K
}

