# JRE version: Java(TM) SE Runtime Environment (8.0_172-b11) (build 1.8.0_172-b11)
# Java VM: Java HotSpot(TM) Client VM (25.172-b11 mixed mode windows-x86 )
Heap:
 def new generation   total 5248K, used 4630K [0x04e00000, 0x053b0000, 0x0a350000)
  eden space 4672K,  87% used [0x04e00000, 0x05201660, 0x05290000)
  from space 576K,  91% used [0x05320000, 0x053a4288, 0x053b0000)
  to   space 576K,   0% used [0x05290000, 0x05290000, 0x05320000)
 tenured generation   total 11588K, used 10547K [0x0a350000, 0x0aea1000, 0x14e00000)
   the space 11588K,  91% used [0x0a350000, 0x0ad9cc80, 0x0ad9ce00, 0x0aea1000)
 Metaspace       used 13100K, capacity 13793K, committed 13824K, reserved 14720K
GC Heap History (10 events):
Event: 3.636 GC heap before
{Heap before GC invocations=8 (full 0):
 def new generation   total 4928K, used 4816K [0x04e00000, 0x05350000, 0x0a350000)
  eden space 4416K, 100% used [0x04e00000, 0x05250000, 0x05250000)
  from space 512K,  78% used [0x05250000, 0x052b4128, 0x052d0000)
  to   space 512K,   0% used [0x052d0000, 0x052d0000, 0x05350000)
 tenured generation   total 10944K, used 5883K [0x0a350000, 0x0ae00000, 0x14e00000)
   the space 10944K,  53% used [0x0a350000, 0x0a90edf8, 0x0a90ee00, 0x0ae00000)
 Metaspace       used 11740K, capacity 12267K, committed 12288K, reserved 12672K
Event: 3.639 GC heap after
Heap after GC invocations=9 (full 0):
 def new generation   total 4928K, used 452K [0x04e00000, 0x05350000, 0x0a350000)
  eden space 4416K,   0% used [0x04e00000, 0x04e00000, 0x05250000)
  from space 512K,  88% used [0x052d0000, 0x05341370, 0x05350000)
  to   space 512K,   0% used [0x05250000, 0x05250000, 0x052d0000)
 tenured generation   total 10944K, used 6236K [0x0a350000, 0x0ae00000, 0x14e00000)
   the space 10944K,  56% used [0x0a350000, 0x0a967040, 0x0a967200, 0x0ae00000)
 Metaspace       used 11740K, capacity 12267K, committed 12288K, reserved 12672K
}
Event: 3.687 GC heap before
{Heap before GC invocations=9 (full 0):
 def new generation   total 4928K, used 3584K [0x04e00000, 0x05350000, 0x0a350000)
  eden space 4416K,  70% used [0x04e00000, 0x0510eef8, 0x05250000)
  from space 512K,  88% used [0x052d0000, 0x05341370, 0x05350000)
  to   space 512K,   0% used [0x05250000, 0x05250000, 0x052d0000)
 tenured generation   total 10944K, used 6236K [0x0a350000, 0x0ae00000, 0x14e00000)
   the space 10944K,  56% used [0x0a350000, 0x0a967040, 0x0a967200, 0x0ae00000)
 Metaspace       used 11773K, capacity 12267K, committed 12288K, reserved 12672K
Event: 3.707 GC heap after
Heap after GC invocations=10 (full 1):
 def new generation   total 5248K, used 0K [0x04e00000, 0x053b0000, 0x0a350000)
  eden space 4672K,   0% used [0x04e00000, 0x04e00000, 0x05290000)
  from space 576K,   0% used [0x05290000, 0x05290000, 0x05320000)
  to   space 576K,   0% used [0x05320000, 0x05320000, 0x053b0000)
 tenured generation   total 11588K, used 6951K [0x0a350000, 0x0aea1000, 0x14e00000)
   the space 11588K,  59% used [0x0a350000, 0x0aa19f48, 0x0aa1a000, 0x0aea1000)
 Metaspace       used 11773K, capacity 12267K, committed 12288K, reserved 12672K
}
Event: 3.802 GC heap before
{Heap before GC invocations=10 (full 1):
 def new generation   total 5248K, used 4672K [0x04e00000, 0x053b0000, 0x0a350000)
  eden space 4672K, 100% used [0x04e00000, 0x05290000, 0x05290000)
  from space 576K,   0% used [0x05290000, 0x05290000, 0x05320000)
  to   space 576K,   0% used [0x05320000, 0x05320000, 0x053b0000)
 tenured generation   total 11588K, used 6951K [0x0a350000, 0x0aea1000, 0x14e00000)
   the space 11588K,  59% used [0x0a350000, 0x0aa19f48, 0x0aa1a000, 0x0aea1000)
 Metaspace       used 12205K, capacity 12811K, committed 12928K, reserved 13696K
Event: 3.805 GC heap after
Heap after GC invocations=11 (full 1):
 def new generation   total 5248K, used 510K [0x04e00000, 0x053b0000, 0x0a350000)
  eden space 4672K,   0% used [0x04e00000, 0x04e00000, 0x05290000)
  from space 576K,  88% used [0x05320000, 0x0539fad8, 0x053b0000)
  to   space 576K,   0% used [0x05290000, 0x05290000, 0x05320000)
 tenured generation   total 11588K, used 6951K [0x0a350000, 0x0aea1000, 0x14e00000)
   the space 11588K,  59% used [0x0a350000, 0x0aa19f48, 0x0aa1a000, 0x0aea1000)
 Metaspace       used 12205K, capacity 12811K, committed 12928K, reserved 13696K
}
Event: 3.889 GC heap before
{Heap before GC invocations=11 (full 1):
 def new generation   total 5248K, used 4402K [0x04e00000, 0x053b0000, 0x0a350000)
  eden space 4672K,  83% used [0x04e00000, 0x051cce58, 0x05290000)
  from space 576K,  88% used [0x05320000, 0x0539fad8, 0x053b0000)
  to   space 576K,   0% used [0x05290000, 0x05290000, 0x05320000)
 tenured generation   total 11588K, used 6951K [0x0a350000, 0x0aea1000, 0x14e00000)
   the space 11588K,  59% used [0x0a350000, 0x0aa19f48, 0x0aa1a000, 0x0aea1000)
 Metaspace       used 12597K, capacity 13275K, committed 13312K, reserved 13696K
Event: 3.895 GC heap after
Heap after GC invocations=12 (full 1):
 def new generation   total 5248K, used 257K [0x04e00000, 0x053b0000, 0x0a350000)
  eden space 4672K,   0% used [0x04e00000, 0x04e00000, 0x05290000)
  from space 576K,  44% used [0x05290000, 0x052d0608, 0x05320000)
  to   space 576K,   0% used [0x05320000, 0x05320000, 0x053b0000)
 tenured generation   total 11588K, used 9463K [0x0a350000, 0x0aea1000, 0x14e00000)
   the space 11588K,  81% used [0x0a350000, 0x0ac8dee8, 0x0ac8e000, 0x0aea1000)
 Metaspace       used 12597K, capacity 13275K, committed 13312K, reserved 13696K
}
Event: 148.339 GC heap before
{Heap before GC invocations=12 (full 1):
 def new generation   total 5248K, used 4929K [0x04e00000, 0x053b0000, 0x0a350000)
  eden space 4672K, 100% used [0x04e00000, 0x05290000, 0x05290000)
  from space 576K,  44% used [0x05290000, 0x052d0608, 0x05320000)
  to   space 576K,   0% used [0x05320000, 0x05320000, 0x053b0000)
 tenured generation   total 11588K, used 9463K [0x0a350000, 0x0aea1000, 0x14e00000)
   the space 11588K,  81% used [0x0a350000, 0x0ac8dee8, 0x0ac8e000, 0x0aea1000)
 Metaspace       used 12996K, capacity 13679K, committed 13696K, reserved 13696K
Event: 148.351 GC heap after
Heap after GC invocations=13 (full 1):
 def new generation   total 5248K, used 528K [0x04e00000, 0x053b0000, 0x0a350000)
  eden space 4672K,   0% used [0x04e00000, 0x04e00000, 0x05290000)
  from space 576K,  91% used [0x05320000, 0x053a4288, 0x053b0000)
  to   space 576K,   0% used [0x05290000, 0x05290000, 0x05320000)
 tenured generation   total 11588K, used 10547K [0x0a350000, 0x0aea1000, 0x14e00000)
   the space 11588K,  91% used [0x0a350000, 0x0ad9cc80, 0x0ad9ce00, 0x0aea1000)
 Metaspace       used 12996K, capacity 13679K, committed 13696K, reserved 13696K
}

